Using pre-set license
Pro License: NO

 COMMAND LINE ARGUMENTS:
/Applications/Unity/Unity.app/Contents/MacOS/Unity
-adb2
-batchMode
-noUpm
-name
AssetImportWorker0
-projectPath
/Users/shiny/Documents/GitHub/unity-ar/unity/WorldOrigin
-logFile
Logs/AssetImportWorker0.log
-srvPort
52846
Successfully changed project path to: /Users/shiny/Documents/GitHub/unity-ar/unity/WorldOrigin
/Users/shiny/Documents/GitHub/unity-ar/unity/WorldOrigin
Using Asset Import Pipeline V2.
Refreshing native plugins compatible for Editor in 90.85 ms, found 2 plugins.
Preloading 0 native plugins for Editor in 0.00 ms.
Initialize engine version: 2021.1.16f1 (5fa502fca597)
[Subsystems] Discovering subsystems at path /Applications/Unity/Unity.app/Contents/Resources/UnitySubsystems
[Subsystems] Discovering subsystems at path /Users/shiny/Documents/GitHub/unity-ar/unity/WorldOrigin/Assets
GfxDevice: creating device client; threaded=0; jobified=0
2022-11-03 23:16:19.792 Unity[34698:6313337] (null) preferred device: Apple M1 (high power)
2022-11-03 23:16:19.792 Unity[34698:6313337] Metal devices available: 1
2022-11-03 23:16:19.792 Unity[34698:6313337] 0: Apple M1 (high power)
2022-11-03 23:16:19.793 Unity[34698:6313337] Using device Apple M1 (high power)
Initializing Metal device caps: Apple M1
Initialize mono
Mono path[0] = '/Applications/Unity/Unity.app/Contents/Managed'
Mono path[1] = '/Applications/Unity/Unity.app/Contents/MonoBleedingEdge/lib/mono/unityjit'
Mono config path = '/Applications/Unity/Unity.app/Contents/MonoBleedingEdge/etc'
Using monoOptions --debugger-agent=transport=dt_socket,embedding=1,server=y,suspend=n,address=127.0.0.1:56698
Begin MonoManager ReloadAssembly
Registering precompiled unity dll's ...
Register platform support module: /Applications/Unity/Unity.app/Contents/PlaybackEngines/MacStandaloneSupport/UnityEditor.OSXStandalone.Extensions.dll
Registered in 0.000267 seconds.
Native extension for OSXStandalone target not found
Refreshing native plugins compatible for Editor in 96.33 ms, found 2 plugins.
Preloading 0 native plugins for Editor in 0.00 ms.
Mono: successfully reloaded assembly
- Completed reload, in  2.134 seconds
Domain Reload Profiling:
	ReloadAssembly (2134ms)
		BeginReloadAssembly (78ms)
			ExecutionOrderSort (0ms)
			DisableScriptedObjects (0ms)
			BackupInstance (0ms)
			ReleaseScriptingObjects (0ms)
			CreateAndSetChildDomain (2ms)
		EndReloadAssembly (933ms)
			LoadAssemblies (76ms)
			RebuildTransferFunctionScriptingTraits (0ms)
			SetupTypeCache (203ms)
			ReleaseScriptCaches (0ms)
			RebuildScriptCaches (41ms)
			SetupLoadedEditorAssemblies (569ms)
				LogAssemblyErrors (0ms)
				InitializePlatformSupportModulesInManaged (16ms)
				SetLoadedEditorAssemblies (1ms)
				RefreshPlugins (96ms)
				BeforeProcessingInitializeOnLoad (3ms)
				ProcessInitializeOnLoadAttributes (337ms)
				ProcessInitializeOnLoadMethodAttributes (115ms)
				AfterProcessingInitializeOnLoad (0ms)
				EditorAssembliesLoaded (1ms)
			ExecutionOrderSort2 (0ms)
			AwakeInstancesAfterBackupRestoration (0ms)
Platform modules already initialized, skipping
Registering precompiled user dll's ...
Registered in 0.002470 seconds.
Begin MonoManager ReloadAssembly
Symbol file LoadedFromMemory doesn't match image /Users/shiny/Documents/GitHub/unity-ar/unity/WorldOrigin/Library/PackageCache/com.unity.visualscripting@1.6.1/Editor/VisualScripting.Core/Dependencies/YamlDotNet/Unity.VisualScripting.YamlDotNet.dll
Symbol file LoadedFromMemory doesn't match image /Users/shiny/Documents/GitHub/unity-ar/unity/WorldOrigin/Library/PackageCache/com.unity.visualscripting@1.6.1/Editor/VisualScripting.Core/Dependencies/DotNetZip/Unity.VisualScripting.IonicZip.dll
Native extension for OSXStandalone target not found
Refreshing native plugins compatible for Editor in 89.36 ms, found 2 plugins.
Preloading 0 native plugins for Editor in 0.00 ms.
Mono: successfully reloaded assembly
- Completed reload, in  2.590 seconds
Domain Reload Profiling:
	ReloadAssembly (2591ms)
		BeginReloadAssembly (244ms)
			ExecutionOrderSort (0ms)
			DisableScriptedObjects (30ms)
			BackupInstance (0ms)
			ReleaseScriptingObjects (0ms)
			CreateAndSetChildDomain (31ms)
		EndReloadAssembly (2253ms)
			LoadAssemblies (183ms)
			RebuildTransferFunctionScriptingTraits (0ms)
			SetupTypeCache (402ms)
			ReleaseScriptCaches (1ms)
			RebuildScriptCaches (59ms)
			SetupLoadedEditorAssemblies (1336ms)
				LogAssemblyErrors (0ms)
				InitializePlatformSupportModulesInManaged (10ms)
				SetLoadedEditorAssemblies (1ms)
				RefreshPlugins (89ms)
				BeforeProcessingInitializeOnLoad (139ms)
				ProcessInitializeOnLoadAttributes (1080ms)
				ProcessInitializeOnLoadMethodAttributes (15ms)
				AfterProcessingInitializeOnLoad (1ms)
				EditorAssembliesLoaded (0ms)
			ExecutionOrderSort2 (0ms)
			AwakeInstancesAfterBackupRestoration (31ms)
Platform modules already initialized, skipping
========================================================================
Worker process is ready to serve import requests
Launching external process: /Applications/Unity/Unity.app/Contents/Tools/UnityShaderCompiler
Launched and connected shader compiler UnityShaderCompiler after 0.06 seconds
Refreshing native plugins compatible for Editor in 0.61 ms, found 2 plugins.
Preloading 0 native plugins for Editor in 0.00 ms.
Unloading 3319 Unused Serialized files (Serialized files now loaded: 0)
System memory in use before: 228.3 MB.
System memory in use after: 228.5 MB.

Unloading 23 unused Assets to reduce memory usage. Loaded Objects now: 3765.
Total: 2.897542 ms (FindLiveObjects: 0.172958 ms CreateObjectMapping: 0.069542 ms MarkObjects: 2.586833 ms  DeleteObjects: 0.067125 ms)

AssetImportParameters requested are different than current active one (requested -> active):
  custom:video-decoder-ogg-theora: a1e56fd34408186e4bbccfd4996cb3dc -> 
  custom:container-muxer-webm: aa71ff27fc2769a1b78a27578f13a17b -> 
  custom:container-demuxer-webm: 4f35f7cbe854078d1ac9338744f61a02 -> 
  custom:container-demuxer-ogg: 62fdf1f143b41e24485cea50d1cbac27 -> 
  custom:video-encoder-webm-vp8: eb34c28f22e8b96e1ab97ce403110664 -> 
  custom:framework-osx-AVFoundation: e770b220cccbd017edd2c1fefb359320 -> 
  custom:video-decoder-webm-vp8: 9c59270c3fd7afecdb556c50c9e8de78 -> 
  custom:audio-decoder-ogg-vorbis: bf7c407c2cedff20999df2af8eb42d56 -> 
  custom:audio-encoder-webm-vorbis: bf7c407c2cedff20999df2af8eb42d56 -> 
========================================================================
Received Import Request.
  path: Assets/Origin
  artifactKey: Guid(197f76756e4f6427490f01fa3c49af99) Importer(815301076,1909f56bfc062723c751e8b465ee728b)
Start importing Assets/Origin using Guid(197f76756e4f6427490f01fa3c49af99) Importer(815301076,1909f56bfc062723c751e8b465ee728b)  -> (artifact id: '4d7a19cfddb81242055bb580e563474c') in 0.007050 seconds 
========================================================================
Received Import Request.
  Time since last request: 0.000204 seconds.
  path: Assets/Origin/Default.mat
  artifactKey: Guid(0877a26b25ff64ee9be052d7753c8a00) Importer(815301076,1909f56bfc062723c751e8b465ee728b)
Start importing Assets/Origin/Default.mat using Guid(0877a26b25ff64ee9be052d7753c8a00) Importer(815301076,1909f56bfc062723c751e8b465ee728b)  -> (artifact id: '9c29d3637a817c33dab0752eaaaeb9db') in 0.707692 seconds 
========================================================================
Received Import Request.
  Time since last request: 0.000159 seconds.
  path: Assets/Origin/origin.fbx
  artifactKey: Guid(e3bb5a21a3fa54462b10837e246dd27a) Importer(815301076,1909f56bfc062723c751e8b465ee728b)
Start importing Assets/Origin/origin.fbx using Guid(e3bb5a21a3fa54462b10837e246dd27a) Importer(815301076,1909f56bfc062723c751e8b465ee728b)  -> (artifact id: '94f693f73ba2a6976c695f5ac8e5f36d') in 0.156526 seconds 
========================================================================
Received Import Request.
  Time since last request: 0.000167 seconds.
  path: Assets/Origin/X.mat
  artifactKey: Guid(2f579952d335a47a68cc76fbe85c4bc5) Importer(815301076,1909f56bfc062723c751e8b465ee728b)
Start importing Assets/Origin/X.mat using Guid(2f579952d335a47a68cc76fbe85c4bc5) Importer(815301076,1909f56bfc062723c751e8b465ee728b)  -> (artifact id: '52e56264e56e64b448868eb2b038c742') in 0.007187 seconds 
========================================================================
Received Import Request.
  Time since last request: 0.000149 seconds.
  path: Assets/Origin/Origin.mat
  artifactKey: Guid(49adf54394422405db143453eaf5759f) Importer(815301076,1909f56bfc062723c751e8b465ee728b)
Start importing Assets/Origin/Origin.mat using Guid(49adf54394422405db143453eaf5759f) Importer(815301076,1909f56bfc062723c751e8b465ee728b)  -> (artifact id: '4f2c149a06eba9a0b28aa463eb51e4be') in 0.005526 seconds 
========================================================================
Received Import Request.
  Time since last request: 0.000164 seconds.
  path: Assets/Origin/Z.mat
  artifactKey: Guid(6144714d853834f47bfe1c23b92df69c) Importer(815301076,1909f56bfc062723c751e8b465ee728b)
Start importing Assets/Origin/Z.mat using Guid(6144714d853834f47bfe1c23b92df69c) Importer(815301076,1909f56bfc062723c751e8b465ee728b)  -> (artifact id: '4176b676df5187daef8017029edfcc9c') in 0.005609 seconds 
========================================================================
Received Import Request.
  Time since last request: 0.000170 seconds.
  path: Assets/Origin/Y.mat
  artifactKey: Guid(f2d7d8d15af4f467c938303bafd27f00) Importer(815301076,1909f56bfc062723c751e8b465ee728b)
Start importing Assets/Origin/Y.mat using Guid(f2d7d8d15af4f467c938303bafd27f00) Importer(815301076,1909f56bfc062723c751e8b465ee728b)  -> (artifact id: '2015961345d983156410b32c5babfa7c') in 0.006243 seconds 
========================================================================
Received Import Request.
  Time since last request: 5.810489 seconds.
  path: Assets/Scenes
  artifactKey: Guid(891f007ca442d416fbafcadec0f0988c) Importer(815301076,1909f56bfc062723c751e8b465ee728b)
Start importing Assets/Scenes using Guid(891f007ca442d416fbafcadec0f0988c) Importer(815301076,1909f56bfc062723c751e8b465ee728b)  -> (artifact id: 'd01ba711e1510f1cd66d79943bf927a1') in 0.001056 seconds 
========================================================================
Received Import Request.
  Time since last request: 8.172520 seconds.
  path: Assets/XR/Settings
  artifactKey: Guid(ae19fddc4ae504425a457ecadb3926de) Importer(815301076,1909f56bfc062723c751e8b465ee728b)
Start importing Assets/XR/Settings using Guid(ae19fddc4ae504425a457ecadb3926de) Importer(815301076,1909f56bfc062723c751e8b465ee728b)  -> (artifact id: '1b0ace4285758474c6d5f7dba916870b') in 0.001640 seconds 
========================================================================
Received Import Request.
  Time since last request: 0.134054 seconds.
  path: Assets/XR/Settings/AR Kit Settings.asset
  artifactKey: Guid(58e59a39494154d24ba99b1a8d73993a) Importer(815301076,1909f56bfc062723c751e8b465ee728b)
Start importing Assets/XR/Settings/AR Kit Settings.asset using Guid(58e59a39494154d24ba99b1a8d73993a) Importer(815301076,1909f56bfc062723c751e8b465ee728b)  -> (artifact id: 'b234fdc4ba8da3deb4e2cf18008e8afd') in 0.067175 seconds 
========================================================================
Received Import Request.
  Time since last request: 8.066509 seconds.
  path: Assets/XR/Loaders/AR Kit Loader.asset
  artifactKey: Guid(576681a2c356946b0902692809fa88b5) Importer(815301076,1909f56bfc062723c751e8b465ee728b)
Start importing Assets/XR/Loaders/AR Kit Loader.asset using Guid(576681a2c356946b0902692809fa88b5) Importer(815301076,1909f56bfc062723c751e8b465ee728b)  -> (artifact id: '4afaf688c96a37e0bc427e956cf68480') in 0.004883 seconds 
========================================================================
Received Import Request.
  Time since last request: 11.873283 seconds.
  path: Assets/Scenes/WorldOrigin.unity
  artifactKey: Guid(9fc0d4010bbf28b4594072e72b8655ab) Importer(815301076,1909f56bfc062723c751e8b465ee728b)
Start importing Assets/Scenes/WorldOrigin.unity using Guid(9fc0d4010bbf28b4594072e72b8655ab) Importer(815301076,1909f56bfc062723c751e8b465ee728b)  -> (artifact id: '58628afd19b77cb4cb6dcd7b75cb678f') in 0.002238 seconds 
========================================================================
Received Import Request.
  Time since last request: 39.180491 seconds.
  path: Assets/WorldCoords.cs
  artifactKey: Guid(ae6affc78a6994d628b099083b9ac31c) Importer(815301076,1909f56bfc062723c751e8b465ee728b)
Start importing Assets/WorldCoords.cs using Guid(ae6affc78a6994d628b099083b9ac31c) Importer(815301076,1909f56bfc062723c751e8b465ee728b)  -> (artifact id: '2fd4c671b6ef20538fec0e19d7f5edec') in 0.148299 seconds 
========================================================================
Received Prepare
Registering precompiled user dll's ...
Registered in 0.005766 seconds.
Begin MonoManager ReloadAssembly
Symbol file LoadedFromMemory doesn't match image /Users/shiny/Documents/GitHub/unity-ar/unity/WorldOrigin/Library/PackageCache/com.unity.visualscripting@1.6.1/Editor/VisualScripting.Core/Dependencies/YamlDotNet/Unity.VisualScripting.YamlDotNet.dll
Symbol file LoadedFromMemory doesn't match image /Users/shiny/Documents/GitHub/unity-ar/unity/WorldOrigin/Library/PackageCache/com.unity.visualscripting@1.6.1/Editor/VisualScripting.Core/Dependencies/DotNetZip/Unity.VisualScripting.IonicZip.dll
Native extension for OSXStandalone target not found
Refreshing native plugins compatible for Editor in 0.62 ms, found 2 plugins.
Preloading 0 native plugins for Editor in 0.00 ms.
Mono: successfully reloaded assembly
- Completed reload, in  2.447 seconds
Domain Reload Profiling:
	ReloadAssembly (2448ms)
		BeginReloadAssembly (245ms)
			ExecutionOrderSort (0ms)
			DisableScriptedObjects (30ms)
			BackupInstance (0ms)
			ReleaseScriptingObjects (0ms)
			CreateAndSetChildDomain (89ms)
		EndReloadAssembly (2106ms)
			LoadAssemblies (212ms)
			RebuildTransferFunctionScriptingTraits (0ms)
			SetupTypeCache (407ms)
			ReleaseScriptCaches (1ms)
			RebuildScriptCaches (49ms)
			SetupLoadedEditorAssemblies (1187ms)
				LogAssemblyErrors (0ms)
				InitializePlatformSupportModulesInManaged (11ms)
				SetLoadedEditorAssemblies (1ms)
				RefreshPlugins (1ms)
				BeforeProcessingInitializeOnLoad (110ms)
				ProcessInitializeOnLoadAttributes (1049ms)
				ProcessInitializeOnLoadMethodAttributes (15ms)
				AfterProcessingInitializeOnLoad (1ms)
				EditorAssembliesLoaded (0ms)
			ExecutionOrderSort2 (0ms)
			AwakeInstancesAfterBackupRestoration (37ms)
Platform modules already initialized, skipping
Switching build target platform(2) subTarget(0) extendedPlatform(0) -> platform(9) subTarget(16777218) extendedPlatform(0)
Refreshing native plugins compatible for Editor in 0.46 ms, found 2 plugins.
Preloading 0 native plugins for Editor in 0.00 ms.
Unloading 3311 Unused Serialized files (Serialized files now loaded: 0)
System memory in use before: 249.2 MB.
System memory in use after: 249.4 MB.

Unloading 18 unused Assets to reduce memory usage. Loaded Objects now: 3812.
Total: 2.458250 ms (FindLiveObjects: 0.177708 ms CreateObjectMapping: 0.071458 ms MarkObjects: 2.191625 ms  DeleteObjects: 0.016542 ms)

AssetImportParameters requested are different than current active one (requested -> active):
  custom:video-decoder-ogg-theora: a1e56fd34408186e4bbccfd4996cb3dc -> 
  custom:container-muxer-webm: aa71ff27fc2769a1b78a27578f13a17b -> 
  custom:container-demuxer-webm: 4f35f7cbe854078d1ac9338744f61a02 -> 
  custom:container-demuxer-ogg: 62fdf1f143b41e24485cea50d1cbac27 -> 
  custom:video-encoder-webm-vp8: eb34c28f22e8b96e1ab97ce403110664 -> 
  custom:framework-osx-AVFoundation: e770b220cccbd017edd2c1fefb359320 -> 
  custom:video-decoder-webm-vp8: 9c59270c3fd7afecdb556c50c9e8de78 -> 
  custom:graphics/normal-map-encoding: 01000000000000000000000000000000 -> 02000000000000000000000000000000
  custom:audio-decoder-ogg-vorbis: bf7c407c2cedff20999df2af8eb42d56 -> 
  custom:audio-encoder-webm-vorbis: bf7c407c2cedff20999df2af8eb42d56 -> 
========================================================================
Received Prepare
Refreshing native plugins compatible for Editor in 1.68 ms, found 2 plugins.
Preloading 0 native plugins for Editor in 0.00 ms.
Unloading 15 Unused Serialized files (Serialized files now loaded: 0)
System memory in use before: 184.1 MB.
System memory in use after: 184.3 MB.

Unloading 15 unused Assets to reduce memory usage. Loaded Objects now: 3812.
Total: 2.609958 ms (FindLiveObjects: 0.157125 ms CreateObjectMapping: 0.076792 ms MarkObjects: 2.358250 ms  DeleteObjects: 0.017041 ms)

AssetImportParameters requested are different than current active one (requested -> active):
  custom:video-decoder-ogg-theora: a1e56fd34408186e4bbccfd4996cb3dc -> 
  custom:container-muxer-webm: aa71ff27fc2769a1b78a27578f13a17b -> 
  custom:container-demuxer-webm: 4f35f7cbe854078d1ac9338744f61a02 -> 
  custom:container-demuxer-ogg: 62fdf1f143b41e24485cea50d1cbac27 -> 
  custom:video-encoder-webm-vp8: eb34c28f22e8b96e1ab97ce403110664 -> 
  custom:framework-osx-AVFoundation: e770b220cccbd017edd2c1fefb359320 -> 
  custom:video-decoder-webm-vp8: 9c59270c3fd7afecdb556c50c9e8de78 -> 
  custom:audio-decoder-ogg-vorbis: bf7c407c2cedff20999df2af8eb42d56 -> 
  custom:audio-encoder-webm-vorbis: bf7c407c2cedff20999df2af8eb42d56 -> 
