Using pre-set license
Pro License: NO

 COMMAND LINE ARGUMENTS:
/Applications/Unity/Hub/Editor/2020.3.3f1/2021.1.16f1/Unity.app/Contents/MacOS/Unity
-adb2
-batchMode
-noUpm
-name
AssetImportWorker0
-projectPath
/Users/shiny/Documents/GitHub/unity-ar/unity/ObjectPlacement
-logFile
Logs/AssetImportWorker0.log
-srvPort
52563
Successfully changed project path to: /Users/shiny/Documents/GitHub/unity-ar/unity/ObjectPlacement
/Users/shiny/Documents/GitHub/unity-ar/unity/ObjectPlacement
Using Asset Import Pipeline V2.
Refreshing native plugins compatible for Editor in 85.26 ms, found 2 plugins.
Preloading 0 native plugins for Editor in 0.00 ms.
Initialize engine version: 2021.1.16f1 (5fa502fca597)
[Subsystems] Discovering subsystems at path /Applications/Unity/Hub/Editor/2020.3.3f1/2021.1.16f1/Unity.app/Contents/Resources/UnitySubsystems
[Subsystems] Discovering subsystems at path /Users/shiny/Documents/GitHub/unity-ar/unity/ObjectPlacement/Assets
GfxDevice: creating device client; threaded=0; jobified=0
2021-09-12 19:06:03.805 Unity[66875:17632517] (null) preferred device: Apple M1 (high power)
2021-09-12 19:06:03.805 Unity[66875:17632517] Metal devices available: 1
2021-09-12 19:06:03.805 Unity[66875:17632517] 0: Apple M1 (high power)
2021-09-12 19:06:03.805 Unity[66875:17632517] Using device Apple M1 (high power)
Initializing Metal device caps: Apple M1
Initialize mono
Mono path[0] = '/Applications/Unity/Hub/Editor/2020.3.3f1/2021.1.16f1/Unity.app/Contents/Managed'
Mono path[1] = '/Applications/Unity/Hub/Editor/2020.3.3f1/2021.1.16f1/Unity.app/Contents/MonoBleedingEdge/lib/mono/unityjit'
Mono config path = '/Applications/Unity/Hub/Editor/2020.3.3f1/2021.1.16f1/Unity.app/Contents/MonoBleedingEdge/etc'
Using monoOptions --debugger-agent=transport=dt_socket,embedding=1,server=y,suspend=n,address=127.0.0.1:56875
Begin MonoManager ReloadAssembly
Registering precompiled unity dll's ...
Register platform support module: /Applications/Unity/Hub/Editor/2020.3.3f1/2021.1.16f1/PlaybackEngines/WebGLSupport/UnityEditor.WebGL.Extensions.dll
Register platform support module: /Applications/Unity/Hub/Editor/2020.3.3f1/2021.1.16f1/Unity.app/Contents/PlaybackEngines/MacStandaloneSupport/UnityEditor.OSXStandalone.Extensions.dll
Registered in 0.002374 seconds.
Native extension for OSXStandalone target not found
Native extension for WebGL target not found
Refreshing native plugins compatible for Editor in 87.08 ms, found 2 plugins.
Preloading 0 native plugins for Editor in 0.00 ms.
Mono: successfully reloaded assembly
- Completed reload, in  3.067 seconds
Domain Reload Profiling:
	ReloadAssembly (3067ms)
		BeginReloadAssembly (114ms)
			ExecutionOrderSort (0ms)
			DisableScriptedObjects (0ms)
			BackupInstance (0ms)
			ReleaseScriptingObjects (0ms)
			CreateAndSetChildDomain (2ms)
		EndReloadAssembly (985ms)
			LoadAssemblies (112ms)
			RebuildTransferFunctionScriptingTraits (0ms)
			SetupTypeCache (208ms)
			ReleaseScriptCaches (0ms)
			RebuildScriptCaches (42ms)
			SetupLoadedEditorAssemblies (603ms)
				LogAssemblyErrors (0ms)
				InitializePlatformSupportModulesInManaged (19ms)
				SetLoadedEditorAssemblies (0ms)
				RefreshPlugins (87ms)
				BeforeProcessingInitializeOnLoad (4ms)
				ProcessInitializeOnLoadAttributes (372ms)
				ProcessInitializeOnLoadMethodAttributes (120ms)
				AfterProcessingInitializeOnLoad (0ms)
				EditorAssembliesLoaded (1ms)
			ExecutionOrderSort2 (0ms)
			AwakeInstancesAfterBackupRestoration (0ms)
Platform modules already initialized, skipping
Registering precompiled user dll's ...
Registered in 0.004535 seconds.
Begin MonoManager ReloadAssembly
Symbol file LoadedFromMemory doesn't match image /Users/shiny/Documents/GitHub/unity-ar/unity/ObjectPlacement/Library/PackageCache/com.unity.visualscripting@1.6.1/Editor/VisualScripting.Core/Dependencies/YamlDotNet/Unity.VisualScripting.YamlDotNet.dll
Symbol file LoadedFromMemory doesn't match image /Users/shiny/Documents/GitHub/unity-ar/unity/ObjectPlacement/Library/PackageCache/com.unity.visualscripting@1.6.1/Editor/VisualScripting.Core/Dependencies/DotNetZip/Unity.VisualScripting.IonicZip.dll
Native extension for OSXStandalone target not found
Native extension for WebGL target not found
Refreshing native plugins compatible for Editor in 86.73 ms, found 2 plugins.
Preloading 0 native plugins for Editor in 0.00 ms.
Mono: successfully reloaded assembly
- Completed reload, in  2.843 seconds
Domain Reload Profiling:
	ReloadAssembly (2844ms)
		BeginReloadAssembly (292ms)
			ExecutionOrderSort (0ms)
			DisableScriptedObjects (37ms)
			BackupInstance (0ms)
			ReleaseScriptingObjects (0ms)
			CreateAndSetChildDomain (44ms)
		EndReloadAssembly (2447ms)
			LoadAssemblies (205ms)
			RebuildTransferFunctionScriptingTraits (0ms)
			SetupTypeCache (433ms)
			ReleaseScriptCaches (1ms)
			RebuildScriptCaches (63ms)
			SetupLoadedEditorAssemblies (1458ms)
				LogAssemblyErrors (0ms)
				InitializePlatformSupportModulesInManaged (13ms)
				SetLoadedEditorAssemblies (0ms)
				RefreshPlugins (87ms)
				BeforeProcessingInitializeOnLoad (145ms)
				ProcessInitializeOnLoadAttributes (1198ms)
				ProcessInitializeOnLoadMethodAttributes (14ms)
				AfterProcessingInitializeOnLoad (1ms)
				EditorAssembliesLoaded (0ms)
			ExecutionOrderSort2 (0ms)
			AwakeInstancesAfterBackupRestoration (33ms)
Platform modules already initialized, skipping
========================================================================
Worker process is ready to serve import requests
Launching external process: /Applications/Unity/Hub/Editor/2020.3.3f1/2021.1.16f1/Unity.app/Contents/Tools/UnityShaderCompiler
Launched and connected shader compiler UnityShaderCompiler after 0.04 seconds
Refreshing native plugins compatible for Editor in 0.55 ms, found 2 plugins.
Preloading 0 native plugins for Editor in 0.00 ms.
Unloading 3320 Unused Serialized files (Serialized files now loaded: 0)
System memory in use before: 235.1 MB.
System memory in use after: 235.3 MB.

Unloading 24 unused Assets to reduce memory usage. Loaded Objects now: 3766.
Total: 2.730417 ms (FindLiveObjects: 0.156625 ms CreateObjectMapping: 0.069000 ms MarkObjects: 2.436792 ms  DeleteObjects: 0.067084 ms)

AssetImportParameters requested are different than current active one (requested -> active):
  custom:video-decoder-ogg-theora: a1e56fd34408186e4bbccfd4996cb3dc -> 
  custom:container-muxer-webm: aa71ff27fc2769a1b78a27578f13a17b -> 
  custom:container-demuxer-webm: 4f35f7cbe854078d1ac9338744f61a02 -> 
  custom:container-demuxer-ogg: 62fdf1f143b41e24485cea50d1cbac27 -> 
  custom:video-encoder-webm-vp8: eb34c28f22e8b96e1ab97ce403110664 -> 
  custom:framework-osx-AVFoundation: e770b220cccbd017edd2c1fefb359320 -> 
  custom:video-decoder-webm-vp8: 9c59270c3fd7afecdb556c50c9e8de78 -> 
  custom:audio-decoder-ogg-vorbis: bf7c407c2cedff20999df2af8eb42d56 -> 
  custom:audio-encoder-webm-vorbis: bf7c407c2cedff20999df2af8eb42d56 -> 
========================================================================
Received Import Request.
  path: Assets/Models/Pebbles
  artifactKey: Guid(1be05feca309f4e959126120b624bcfa) Importer(815301076,1909f56bfc062723c751e8b465ee728b)
Start importing Assets/Models/Pebbles using Guid(1be05feca309f4e959126120b624bcfa) Importer(815301076,1909f56bfc062723c751e8b465ee728b)  -> (artifact id: 'a58b9b3cafe7a0e42dd6f765fbc61c54') in 0.007208 seconds 
========================================================================
Received Import Request.
  Time since last request: 85.485202 seconds.
  path: Assets/Models/Pebbles/textured_output.obj
  artifactKey: Guid(3023a88eceadf449493be035e9bc5ba5) Importer(815301076,1909f56bfc062723c751e8b465ee728b)
Start importing Assets/Models/Pebbles/textured_output.obj using Guid(3023a88eceadf449493be035e9bc5ba5) Importer(815301076,1909f56bfc062723c751e8b465ee728b)  -> (artifact id: '9afc36be3d72e488a2ae2049231d0fa8') in 1.445077 seconds 
========================================================================
Received Prepare
Registering precompiled user dll's ...
Registered in 0.005890 seconds.
Begin MonoManager ReloadAssembly
Symbol file LoadedFromMemory doesn't match image /Users/shiny/Documents/GitHub/unity-ar/unity/ObjectPlacement/Library/PackageCache/com.unity.visualscripting@1.6.1/Editor/VisualScripting.Core/Dependencies/YamlDotNet/Unity.VisualScripting.YamlDotNet.dll
Symbol file LoadedFromMemory doesn't match image /Users/shiny/Documents/GitHub/unity-ar/unity/ObjectPlacement/Library/PackageCache/com.unity.visualscripting@1.6.1/Editor/VisualScripting.Core/Dependencies/DotNetZip/Unity.VisualScripting.IonicZip.dll
Native extension for OSXStandalone target not found
Native extension for WebGL target not found
Refreshing native plugins compatible for Editor in 0.60 ms, found 2 plugins.
Preloading 0 native plugins for Editor in 0.00 ms.
Mono: successfully reloaded assembly
- Completed reload, in  2.678 seconds
Domain Reload Profiling:
	ReloadAssembly (2678ms)
		BeginReloadAssembly (257ms)
			ExecutionOrderSort (0ms)
			DisableScriptedObjects (30ms)
			BackupInstance (0ms)
			ReleaseScriptingObjects (0ms)
			CreateAndSetChildDomain (95ms)
		EndReloadAssembly (2317ms)
			LoadAssemblies (215ms)
			RebuildTransferFunctionScriptingTraits (0ms)
			SetupTypeCache (413ms)
			ReleaseScriptCaches (1ms)
			RebuildScriptCaches (54ms)
			SetupLoadedEditorAssemblies (1347ms)
				LogAssemblyErrors (0ms)
				InitializePlatformSupportModulesInManaged (16ms)
				SetLoadedEditorAssemblies (1ms)
				RefreshPlugins (1ms)
				BeforeProcessingInitializeOnLoad (114ms)
				ProcessInitializeOnLoadAttributes (1199ms)
				ProcessInitializeOnLoadMethodAttributes (14ms)
				AfterProcessingInitializeOnLoad (1ms)
				EditorAssembliesLoaded (0ms)
			ExecutionOrderSort2 (0ms)
			AwakeInstancesAfterBackupRestoration (42ms)
Platform modules already initialized, skipping
Switching build target platform(2) subTarget(0) extendedPlatform(0) -> platform(9) subTarget(16777218) extendedPlatform(0)
Refreshing native plugins compatible for Editor in 0.42 ms, found 2 plugins.
Preloading 0 native plugins for Editor in 0.00 ms.
Unloading 3312 Unused Serialized files (Serialized files now loaded: 0)
System memory in use before: 242.9 MB.
System memory in use after: 243.1 MB.

Unloading 19 unused Assets to reduce memory usage. Loaded Objects now: 3812.
Total: 3.000208 ms (FindLiveObjects: 0.143417 ms CreateObjectMapping: 0.072459 ms MarkObjects: 2.735750 ms  DeleteObjects: 0.047583 ms)

AssetImportParameters requested are different than current active one (requested -> active):
  custom:video-decoder-ogg-theora: a1e56fd34408186e4bbccfd4996cb3dc -> 
  custom:container-muxer-webm: aa71ff27fc2769a1b78a27578f13a17b -> 
  custom:container-demuxer-webm: 4f35f7cbe854078d1ac9338744f61a02 -> 
  custom:container-demuxer-ogg: 62fdf1f143b41e24485cea50d1cbac27 -> 
  custom:video-encoder-webm-vp8: eb34c28f22e8b96e1ab97ce403110664 -> 
  custom:framework-osx-AVFoundation: e770b220cccbd017edd2c1fefb359320 -> 
  custom:video-decoder-webm-vp8: 9c59270c3fd7afecdb556c50c9e8de78 -> 
  custom:graphics/normal-map-encoding: 01000000000000000000000000000000 -> 02000000000000000000000000000000
  custom:audio-decoder-ogg-vorbis: bf7c407c2cedff20999df2af8eb42d56 -> 
  custom:audio-encoder-webm-vorbis: bf7c407c2cedff20999df2af8eb42d56 -> 
========================================================================
Received Import Request.
  Time since last request: 112.900326 seconds.
  path: Assets/Models/Pebbles/textured_output.jpg
  artifactKey: Guid(850e0af55701b4aadb90fe24bfc6b732) Importer(815301076,1909f56bfc062723c751e8b465ee728b)
Start importing Assets/Models/Pebbles/textured_output.jpg using Guid(850e0af55701b4aadb90fe24bfc6b732) Importer(815301076,1909f56bfc062723c751e8b465ee728b)  -> (artifact id: '744c51c3c1bc87440c13f073acba950d') in 0.533070 seconds 
========================================================================
Received Import Request.
  Time since last request: 2.296539 seconds.
  path: Assets/Models/Pebbles/textured_output.obj
  artifactKey: Guid(3023a88eceadf449493be035e9bc5ba5) Importer(815301076,1909f56bfc062723c751e8b465ee728b)
Start importing Assets/Models/Pebbles/textured_output.obj using Guid(3023a88eceadf449493be035e9bc5ba5) Importer(815301076,1909f56bfc062723c751e8b465ee728b)  -> (artifact id: '82cfe7b67a3d4fc02472d7b515eccf65') in 0.189488 seconds 
========================================================================
Received Import Request.
  Time since last request: 32.931032 seconds.
  path: Assets/Models/Pebbles/textured_output.mtl
  artifactKey: Guid(49ea81eab1c1b4df791b87ac485abaa5) Importer(815301076,1909f56bfc062723c751e8b465ee728b)
Start importing Assets/Models/Pebbles/textured_output.mtl using Guid(49ea81eab1c1b4df791b87ac485abaa5) Importer(815301076,1909f56bfc062723c751e8b465ee728b)  -> (artifact id: '55c7c8c3a1fcfce72d4ab21b62c88cdd') in 0.416872 seconds 
========================================================================
Received Import Request.
  Time since last request: 14.286718 seconds.
  path: Assets/Models/Shrine
  artifactKey: Guid(4dd628bd6586846f283c267642658847) Importer(815301076,1909f56bfc062723c751e8b465ee728b)
Start importing Assets/Models/Shrine using Guid(4dd628bd6586846f283c267642658847) Importer(815301076,1909f56bfc062723c751e8b465ee728b)  -> (artifact id: 'f44ffe90799f93b663d8aa723d577cdd') in 0.001445 seconds 
========================================================================
Received Import Request.
  Time since last request: 39.491517 seconds.
  path: Assets/Models/Shrine/textured_output.jpg
  artifactKey: Guid(5b74786022023426ba26ca9579948268) Importer(815301076,1909f56bfc062723c751e8b465ee728b)
Start importing Assets/Models/Shrine/textured_output.jpg using Guid(5b74786022023426ba26ca9579948268) Importer(815301076,1909f56bfc062723c751e8b465ee728b)  -> (artifact id: 'c8bfbbf51868f58a402f1b5ed9f1564b') in 0.019676 seconds 
========================================================================
Received Import Request.
  Time since last request: 0.000165 seconds.
  path: Assets/Models/Shrine/textured_output.obj
  artifactKey: Guid(cf48da64bf139491c8ddb7247530c76a) Importer(815301076,1909f56bfc062723c751e8b465ee728b)
Start importing Assets/Models/Shrine/textured_output.obj using Guid(cf48da64bf139491c8ddb7247530c76a) Importer(815301076,1909f56bfc062723c751e8b465ee728b)  -> (artifact id: '6d2106c6277674aead1e819ca3406a2d') in 0.073436 seconds 
