Using pre-set license
Pro License: NO

 COMMAND LINE ARGUMENTS:
/Applications/Unity/Hub/Editor/2020.3.3f1/2021.1.16f1/Unity.app/Contents/MacOS/Unity
-adb2
-batchMode
-noUpm
-name
AssetImportWorker0
-projectPath
/Users/shiny/Documents/GitHub/unity-ar/unity/Dance
-logFile
Logs/AssetImportWorker0.log
-srvPort
61656
Successfully changed project path to: /Users/shiny/Documents/GitHub/unity-ar/unity/Dance
/Users/shiny/Documents/GitHub/unity-ar/unity/Dance
Using Asset Import Pipeline V2.
Refreshing native plugins compatible for Editor in 96.91 ms, found 2 plugins.
Preloading 0 native plugins for Editor in 0.00 ms.
Initialize engine version: 2021.1.16f1 (5fa502fca597)
[Subsystems] Discovering subsystems at path /Applications/Unity/Hub/Editor/2020.3.3f1/2021.1.16f1/Unity.app/Contents/Resources/UnitySubsystems
[Subsystems] Discovering subsystems at path /Users/shiny/Documents/GitHub/unity-ar/unity/Dance/Assets
GfxDevice: creating device client; threaded=0; jobified=0
2021-09-11 07:45:55.718 Unity[47923:17460461] (null) preferred device: Apple M1 (high power)
2021-09-11 07:45:55.718 Unity[47923:17460461] Metal devices available: 1
2021-09-11 07:45:55.718 Unity[47923:17460461] 0: Apple M1 (high power)
2021-09-11 07:45:55.718 Unity[47923:17460461] Using device Apple M1 (high power)
Initializing Metal device caps: Apple M1
Initialize mono
Mono path[0] = '/Applications/Unity/Hub/Editor/2020.3.3f1/2021.1.16f1/Unity.app/Contents/Managed'
Mono path[1] = '/Applications/Unity/Hub/Editor/2020.3.3f1/2021.1.16f1/Unity.app/Contents/MonoBleedingEdge/lib/mono/unityjit'
Mono config path = '/Applications/Unity/Hub/Editor/2020.3.3f1/2021.1.16f1/Unity.app/Contents/MonoBleedingEdge/etc'
Using monoOptions --debugger-agent=transport=dt_socket,embedding=1,server=y,suspend=n,address=127.0.0.1:56923
Begin MonoManager ReloadAssembly
Registering precompiled unity dll's ...
Register platform support module: /Applications/Unity/Hub/Editor/2020.3.3f1/2021.1.16f1/PlaybackEngines/WebGLSupport/UnityEditor.WebGL.Extensions.dll
Register platform support module: /Applications/Unity/Hub/Editor/2020.3.3f1/2021.1.16f1/Unity.app/Contents/PlaybackEngines/MacStandaloneSupport/UnityEditor.OSXStandalone.Extensions.dll
Registered in 0.001869 seconds.
Native extension for OSXStandalone target not found
Native extension for WebGL target not found
Refreshing native plugins compatible for Editor in 94.93 ms, found 2 plugins.
Preloading 0 native plugins for Editor in 0.00 ms.
Mono: successfully reloaded assembly
- Completed reload, in  4.146 seconds
Domain Reload Profiling:
	ReloadAssembly (4147ms)
		BeginReloadAssembly (146ms)
			ExecutionOrderSort (0ms)
			DisableScriptedObjects (0ms)
			BackupInstance (0ms)
			ReleaseScriptingObjects (0ms)
			CreateAndSetChildDomain (4ms)
		EndReloadAssembly (1211ms)
			LoadAssemblies (142ms)
			RebuildTransferFunctionScriptingTraits (1ms)
			SetupTypeCache (237ms)
			ReleaseScriptCaches (0ms)
			RebuildScriptCaches (45ms)
			SetupLoadedEditorAssemblies (771ms)
				LogAssemblyErrors (0ms)
				InitializePlatformSupportModulesInManaged (24ms)
				SetLoadedEditorAssemblies (1ms)
				RefreshPlugins (95ms)
				BeforeProcessingInitializeOnLoad (5ms)
				ProcessInitializeOnLoadAttributes (500ms)
				ProcessInitializeOnLoadMethodAttributes (145ms)
				AfterProcessingInitializeOnLoad (0ms)
				EditorAssembliesLoaded (1ms)
			ExecutionOrderSort2 (0ms)
			AwakeInstancesAfterBackupRestoration (0ms)
Platform modules already initialized, skipping
Registering precompiled user dll's ...
Registered in 0.004947 seconds.
Begin MonoManager ReloadAssembly
Symbol file LoadedFromMemory doesn't match image /Users/shiny/Documents/GitHub/unity-ar/unity/Dance/Library/PackageCache/com.unity.visualscripting@1.6.1/Editor/VisualScripting.Core/Dependencies/YamlDotNet/Unity.VisualScripting.YamlDotNet.dll
Symbol file LoadedFromMemory doesn't match image /Users/shiny/Documents/GitHub/unity-ar/unity/Dance/Library/PackageCache/com.unity.visualscripting@1.6.1/Editor/VisualScripting.Core/Dependencies/DotNetZip/Unity.VisualScripting.IonicZip.dll
Native extension for OSXStandalone target not found
Native extension for WebGL target not found
Refreshing native plugins compatible for Editor in 98.22 ms, found 2 plugins.
Preloading 0 native plugins for Editor in 0.00 ms.
Mono: successfully reloaded assembly
- Completed reload, in  3.451 seconds
Domain Reload Profiling:
	ReloadAssembly (3452ms)
		BeginReloadAssembly (354ms)
			ExecutionOrderSort (0ms)
			DisableScriptedObjects (38ms)
			BackupInstance (0ms)
			ReleaseScriptingObjects (0ms)
			CreateAndSetChildDomain (49ms)
		EndReloadAssembly (2979ms)
			LoadAssemblies (281ms)
			RebuildTransferFunctionScriptingTraits (0ms)
			SetupTypeCache (502ms)
			ReleaseScriptCaches (2ms)
			RebuildScriptCaches (71ms)
			SetupLoadedEditorAssemblies (1802ms)
				LogAssemblyErrors (0ms)
				InitializePlatformSupportModulesInManaged (18ms)
				SetLoadedEditorAssemblies (1ms)
				RefreshPlugins (98ms)
				BeforeProcessingInitializeOnLoad (174ms)
				ProcessInitializeOnLoadAttributes (1493ms)
				ProcessInitializeOnLoadMethodAttributes (16ms)
				AfterProcessingInitializeOnLoad (1ms)
				EditorAssembliesLoaded (0ms)
			ExecutionOrderSort2 (0ms)
			AwakeInstancesAfterBackupRestoration (41ms)
Platform modules already initialized, skipping
========================================================================
Worker process is ready to serve import requests
Launching external process: /Applications/Unity/Hub/Editor/2020.3.3f1/2021.1.16f1/Unity.app/Contents/Tools/UnityShaderCompiler
Launched and connected shader compiler UnityShaderCompiler after 0.06 seconds
Refreshing native plugins compatible for Editor in 0.61 ms, found 2 plugins.
Preloading 0 native plugins for Editor in 0.00 ms.
Unloading 3319 Unused Serialized files (Serialized files now loaded: 0)
System memory in use before: 233.8 MB.
System memory in use after: 234.0 MB.

Unloading 24 unused Assets to reduce memory usage. Loaded Objects now: 3766.
Total: 4.253208 ms (FindLiveObjects: 0.176750 ms CreateObjectMapping: 0.076125 ms MarkObjects: 3.851750 ms  DeleteObjects: 0.147583 ms)

AssetImportParameters requested are different than current active one (requested -> active):
  custom:video-decoder-ogg-theora: a1e56fd34408186e4bbccfd4996cb3dc -> 
  custom:container-muxer-webm: aa71ff27fc2769a1b78a27578f13a17b -> 
  custom:container-demuxer-webm: 4f35f7cbe854078d1ac9338744f61a02 -> 
  custom:container-demuxer-ogg: 62fdf1f143b41e24485cea50d1cbac27 -> 
  custom:video-encoder-webm-vp8: eb34c28f22e8b96e1ab97ce403110664 -> 
  custom:framework-osx-AVFoundation: e770b220cccbd017edd2c1fefb359320 -> 
  custom:video-decoder-webm-vp8: 9c59270c3fd7afecdb556c50c9e8de78 -> 
  custom:audio-decoder-ogg-vorbis: bf7c407c2cedff20999df2af8eb42d56 -> 
  custom:audio-encoder-webm-vorbis: bf7c407c2cedff20999df2af8eb42d56 -> 
========================================================================
Received Import Request.
  path: Assets/Scripts/DancerManager.cs
  artifactKey: Guid(73ed24c1e6f864cab8da99e12cb4a7e0) Importer(815301076,1909f56bfc062723c751e8b465ee728b)
Start importing Assets/Scripts/DancerManager.cs using Guid(73ed24c1e6f864cab8da99e12cb4a7e0) Importer(815301076,1909f56bfc062723c751e8b465ee728b)  -> (artifact id: '252e0a6d1a1ab330f72e29d28f01517f') in 1.678155 seconds 
========================================================================
Received Import Request.
  Time since last request: 5.863365 seconds.
  path: Assets/Scripts/DancerManager.cs
  artifactKey: Guid(73ed24c1e6f864cab8da99e12cb4a7e0) Importer(815301076,1909f56bfc062723c751e8b465ee728b)
Start importing Assets/Scripts/DancerManager.cs using Guid(73ed24c1e6f864cab8da99e12cb4a7e0) Importer(815301076,1909f56bfc062723c751e8b465ee728b)  -> (artifact id: 'ad628dba4bbd401aa5423e21a08ff7d8') in 0.003307 seconds 
========================================================================
Received Prepare
Registering precompiled user dll's ...
Registered in 0.002919 seconds.
Begin MonoManager ReloadAssembly
Symbol file LoadedFromMemory doesn't match image /Users/shiny/Documents/GitHub/unity-ar/unity/Dance/Library/PackageCache/com.unity.visualscripting@1.6.1/Editor/VisualScripting.Core/Dependencies/YamlDotNet/Unity.VisualScripting.YamlDotNet.dll
Symbol file LoadedFromMemory doesn't match image /Users/shiny/Documents/GitHub/unity-ar/unity/Dance/Library/PackageCache/com.unity.visualscripting@1.6.1/Editor/VisualScripting.Core/Dependencies/DotNetZip/Unity.VisualScripting.IonicZip.dll
Native extension for OSXStandalone target not found
Native extension for WebGL target not found
Refreshing native plugins compatible for Editor in 0.61 ms, found 2 plugins.
Preloading 0 native plugins for Editor in 0.00 ms.
Mono: successfully reloaded assembly
- Completed reload, in  2.783 seconds
Domain Reload Profiling:
	ReloadAssembly (2784ms)
		BeginReloadAssembly (237ms)
			ExecutionOrderSort (0ms)
			DisableScriptedObjects (32ms)
			BackupInstance (0ms)
			ReleaseScriptingObjects (0ms)
			CreateAndSetChildDomain (94ms)
		EndReloadAssembly (2441ms)
			LoadAssemblies (189ms)
			RebuildTransferFunctionScriptingTraits (0ms)
			SetupTypeCache (443ms)
			ReleaseScriptCaches (1ms)
			RebuildScriptCaches (57ms)
			SetupLoadedEditorAssemblies (1425ms)
				LogAssemblyErrors (0ms)
				InitializePlatformSupportModulesInManaged (17ms)
				SetLoadedEditorAssemblies (1ms)
				RefreshPlugins (1ms)
				BeforeProcessingInitializeOnLoad (135ms)
				ProcessInitializeOnLoadAttributes (1255ms)
				ProcessInitializeOnLoadMethodAttributes (15ms)
				AfterProcessingInitializeOnLoad (1ms)
				EditorAssembliesLoaded (0ms)
			ExecutionOrderSort2 (0ms)
			AwakeInstancesAfterBackupRestoration (43ms)
Platform modules already initialized, skipping
Switching build target platform(2) subTarget(0) extendedPlatform(0) -> platform(9) subTarget(16777218) extendedPlatform(0)
Refreshing native plugins compatible for Editor in 0.59 ms, found 2 plugins.
Preloading 0 native plugins for Editor in 0.00 ms.
Unloading 3311 Unused Serialized files (Serialized files now loaded: 0)
System memory in use before: 237.8 MB.
System memory in use after: 238.1 MB.

Unloading 19 unused Assets to reduce memory usage. Loaded Objects now: 3770.
Total: 2.532458 ms (FindLiveObjects: 0.137542 ms CreateObjectMapping: 0.068333 ms MarkObjects: 2.268500 ms  DeleteObjects: 0.057167 ms)

AssetImportParameters requested are different than current active one (requested -> active):
  custom:video-decoder-ogg-theora: a1e56fd34408186e4bbccfd4996cb3dc -> 
  custom:container-muxer-webm: aa71ff27fc2769a1b78a27578f13a17b -> 
  custom:container-demuxer-webm: 4f35f7cbe854078d1ac9338744f61a02 -> 
  custom:container-demuxer-ogg: 62fdf1f143b41e24485cea50d1cbac27 -> 
  custom:video-encoder-webm-vp8: eb34c28f22e8b96e1ab97ce403110664 -> 
  custom:framework-osx-AVFoundation: e770b220cccbd017edd2c1fefb359320 -> 
  custom:video-decoder-webm-vp8: 9c59270c3fd7afecdb556c50c9e8de78 -> 
  custom:graphics/normal-map-encoding: 01000000000000000000000000000000 -> 02000000000000000000000000000000
  custom:audio-decoder-ogg-vorbis: bf7c407c2cedff20999df2af8eb42d56 -> 
  custom:audio-encoder-webm-vorbis: bf7c407c2cedff20999df2af8eb42d56 -> 
========================================================================
Received Prepare
Registering precompiled user dll's ...
Registered in 0.003932 seconds.
Begin MonoManager ReloadAssembly
Symbol file LoadedFromMemory doesn't match image /Users/shiny/Documents/GitHub/unity-ar/unity/Dance/Library/PackageCache/com.unity.visualscripting@1.6.1/Editor/VisualScripting.Core/Dependencies/YamlDotNet/Unity.VisualScripting.YamlDotNet.dll
Symbol file LoadedFromMemory doesn't match image /Users/shiny/Documents/GitHub/unity-ar/unity/Dance/Library/PackageCache/com.unity.visualscripting@1.6.1/Editor/VisualScripting.Core/Dependencies/DotNetZip/Unity.VisualScripting.IonicZip.dll
Native extension for OSXStandalone target not found
Native extension for WebGL target not found
Refreshing native plugins compatible for Editor in 0.60 ms, found 2 plugins.
Preloading 0 native plugins for Editor in 0.00 ms.
Mono: successfully reloaded assembly
- Completed reload, in  3.045 seconds
Domain Reload Profiling:
	ReloadAssembly (3046ms)
		BeginReloadAssembly (301ms)
			ExecutionOrderSort (0ms)
			DisableScriptedObjects (40ms)
			BackupInstance (0ms)
			ReleaseScriptingObjects (0ms)
			CreateAndSetChildDomain (130ms)
		EndReloadAssembly (2635ms)
			LoadAssemblies (212ms)
			RebuildTransferFunctionScriptingTraits (0ms)
			SetupTypeCache (448ms)
			ReleaseScriptCaches (1ms)
			RebuildScriptCaches (56ms)
			SetupLoadedEditorAssemblies (1565ms)
				LogAssemblyErrors (0ms)
				InitializePlatformSupportModulesInManaged (17ms)
				SetLoadedEditorAssemblies (1ms)
				RefreshPlugins (1ms)
				BeforeProcessingInitializeOnLoad (125ms)
				ProcessInitializeOnLoadAttributes (1391ms)
				ProcessInitializeOnLoadMethodAttributes (29ms)
				AfterProcessingInitializeOnLoad (1ms)
				EditorAssembliesLoaded (0ms)
			ExecutionOrderSort2 (0ms)
			AwakeInstancesAfterBackupRestoration (52ms)
Platform modules already initialized, skipping
Switching build target platform(2) subTarget(0) extendedPlatform(0) -> platform(9) subTarget(16777218) extendedPlatform(0)
Refreshing native plugins compatible for Editor in 0.58 ms, found 2 plugins.
Preloading 0 native plugins for Editor in 0.00 ms.
Unloading 3311 Unused Serialized files (Serialized files now loaded: 0)
System memory in use before: 238.1 MB.
System memory in use after: 238.3 MB.

Unloading 19 unused Assets to reduce memory usage. Loaded Objects now: 3774.
Total: 2.704125 ms (FindLiveObjects: 0.182500 ms CreateObjectMapping: 0.079959 ms MarkObjects: 2.377833 ms  DeleteObjects: 0.062875 ms)

AssetImportParameters requested are different than current active one (requested -> active):
  custom:video-decoder-ogg-theora: a1e56fd34408186e4bbccfd4996cb3dc -> 
  custom:container-muxer-webm: aa71ff27fc2769a1b78a27578f13a17b -> 
  custom:container-demuxer-webm: 4f35f7cbe854078d1ac9338744f61a02 -> 
  custom:container-demuxer-ogg: 62fdf1f143b41e24485cea50d1cbac27 -> 
  custom:video-encoder-webm-vp8: eb34c28f22e8b96e1ab97ce403110664 -> 
  custom:framework-osx-AVFoundation: e770b220cccbd017edd2c1fefb359320 -> 
  custom:video-decoder-webm-vp8: 9c59270c3fd7afecdb556c50c9e8de78 -> 
  custom:graphics/normal-map-encoding: 01000000000000000000000000000000 -> 02000000000000000000000000000000
  custom:audio-decoder-ogg-vorbis: bf7c407c2cedff20999df2af8eb42d56 -> 
  custom:audio-encoder-webm-vorbis: bf7c407c2cedff20999df2af8eb42d56 -> 
========================================================================
Received Prepare
Refreshing native plugins compatible for Editor in 5.23 ms, found 2 plugins.
Preloading 0 native plugins for Editor in 0.00 ms.
Unloading 16 Unused Serialized files (Serialized files now loaded: 0)
System memory in use before: 173.0 MB.
System memory in use after: 173.3 MB.

Unloading 16 unused Assets to reduce memory usage. Loaded Objects now: 3774.
Total: 9.178166 ms (FindLiveObjects: 0.278417 ms CreateObjectMapping: 0.075084 ms MarkObjects: 8.743959 ms  DeleteObjects: 0.079750 ms)

AssetImportParameters requested are different than current active one (requested -> active):
  custom:video-decoder-ogg-theora: a1e56fd34408186e4bbccfd4996cb3dc -> 
  custom:container-muxer-webm: aa71ff27fc2769a1b78a27578f13a17b -> 
  custom:container-demuxer-webm: 4f35f7cbe854078d1ac9338744f61a02 -> 
  custom:container-demuxer-ogg: 62fdf1f143b41e24485cea50d1cbac27 -> 
  custom:video-encoder-webm-vp8: eb34c28f22e8b96e1ab97ce403110664 -> 
  custom:framework-osx-AVFoundation: e770b220cccbd017edd2c1fefb359320 -> 
  custom:video-decoder-webm-vp8: 9c59270c3fd7afecdb556c50c9e8de78 -> 
  custom:audio-decoder-ogg-vorbis: bf7c407c2cedff20999df2af8eb42d56 -> 
  custom:audio-encoder-webm-vorbis: bf7c407c2cedff20999df2af8eb42d56 -> 
========================================================================
Received Prepare
Registering precompiled user dll's ...
Registered in 0.002682 seconds.
Begin MonoManager ReloadAssembly
Symbol file LoadedFromMemory doesn't match image /Users/shiny/Documents/GitHub/unity-ar/unity/Dance/Library/PackageCache/com.unity.visualscripting@1.6.1/Editor/VisualScripting.Core/Dependencies/YamlDotNet/Unity.VisualScripting.YamlDotNet.dll
Symbol file LoadedFromMemory doesn't match image /Users/shiny/Documents/GitHub/unity-ar/unity/Dance/Library/PackageCache/com.unity.visualscripting@1.6.1/Editor/VisualScripting.Core/Dependencies/DotNetZip/Unity.VisualScripting.IonicZip.dll
Native extension for OSXStandalone target not found
Native extension for WebGL target not found
Refreshing native plugins compatible for Editor in 0.61 ms, found 2 plugins.
Preloading 0 native plugins for Editor in 0.00 ms.
Mono: successfully reloaded assembly
- Completed reload, in  3.003 seconds
Domain Reload Profiling:
	ReloadAssembly (3004ms)
		BeginReloadAssembly (314ms)
			ExecutionOrderSort (0ms)
			DisableScriptedObjects (37ms)
			BackupInstance (0ms)
			ReleaseScriptingObjects (0ms)
			CreateAndSetChildDomain (139ms)
		EndReloadAssembly (2580ms)
			LoadAssemblies (216ms)
			RebuildTransferFunctionScriptingTraits (0ms)
			SetupTypeCache (461ms)
			ReleaseScriptCaches (1ms)
			RebuildScriptCaches (55ms)
			SetupLoadedEditorAssemblies (1506ms)
				LogAssemblyErrors (0ms)
				InitializePlatformSupportModulesInManaged (17ms)
				SetLoadedEditorAssemblies (1ms)
				RefreshPlugins (1ms)
				BeforeProcessingInitializeOnLoad (126ms)
				ProcessInitializeOnLoadAttributes (1345ms)
				ProcessInitializeOnLoadMethodAttributes (15ms)
				AfterProcessingInitializeOnLoad (1ms)
				EditorAssembliesLoaded (0ms)
			ExecutionOrderSort2 (0ms)
			AwakeInstancesAfterBackupRestoration (42ms)
Platform modules already initialized, skipping
Switching build target platform(2) subTarget(0) extendedPlatform(0) -> platform(9) subTarget(16777218) extendedPlatform(0)
Refreshing native plugins compatible for Editor in 0.58 ms, found 2 plugins.
Preloading 0 native plugins for Editor in 0.00 ms.
Unloading 3311 Unused Serialized files (Serialized files now loaded: 0)
System memory in use before: 238.4 MB.
System memory in use after: 238.6 MB.

Unloading 19 unused Assets to reduce memory usage. Loaded Objects now: 3778.
Total: 2.820042 ms (FindLiveObjects: 0.160041 ms CreateObjectMapping: 0.075917 ms MarkObjects: 2.506834 ms  DeleteObjects: 0.076250 ms)

AssetImportParameters requested are different than current active one (requested -> active):
  custom:video-decoder-ogg-theora: a1e56fd34408186e4bbccfd4996cb3dc -> 
  custom:container-muxer-webm: aa71ff27fc2769a1b78a27578f13a17b -> 
  custom:container-demuxer-webm: 4f35f7cbe854078d1ac9338744f61a02 -> 
  custom:container-demuxer-ogg: 62fdf1f143b41e24485cea50d1cbac27 -> 
  custom:video-encoder-webm-vp8: eb34c28f22e8b96e1ab97ce403110664 -> 
  custom:framework-osx-AVFoundation: e770b220cccbd017edd2c1fefb359320 -> 
  custom:video-decoder-webm-vp8: 9c59270c3fd7afecdb556c50c9e8de78 -> 
  custom:graphics/normal-map-encoding: 01000000000000000000000000000000 -> 02000000000000000000000000000000
  custom:audio-decoder-ogg-vorbis: bf7c407c2cedff20999df2af8eb42d56 -> 
  custom:audio-encoder-webm-vorbis: bf7c407c2cedff20999df2af8eb42d56 -> 
========================================================================
Received Prepare
Refreshing native plugins compatible for Editor in 4.21 ms, found 2 plugins.
Preloading 0 native plugins for Editor in 0.00 ms.
Unloading 16 Unused Serialized files (Serialized files now loaded: 0)
System memory in use before: 173.3 MB.
System memory in use after: 173.5 MB.

Unloading 16 unused Assets to reduce memory usage. Loaded Objects now: 3778.
Total: 2.756125 ms (FindLiveObjects: 0.191709 ms CreateObjectMapping: 0.075917 ms MarkObjects: 2.428000 ms  DeleteObjects: 0.059625 ms)

AssetImportParameters requested are different than current active one (requested -> active):
  custom:video-decoder-ogg-theora: a1e56fd34408186e4bbccfd4996cb3dc -> 
  custom:container-muxer-webm: aa71ff27fc2769a1b78a27578f13a17b -> 
  custom:container-demuxer-webm: 4f35f7cbe854078d1ac9338744f61a02 -> 
  custom:container-demuxer-ogg: 62fdf1f143b41e24485cea50d1cbac27 -> 
  custom:video-encoder-webm-vp8: eb34c28f22e8b96e1ab97ce403110664 -> 
  custom:framework-osx-AVFoundation: e770b220cccbd017edd2c1fefb359320 -> 
  custom:video-decoder-webm-vp8: 9c59270c3fd7afecdb556c50c9e8de78 -> 
  custom:audio-decoder-ogg-vorbis: bf7c407c2cedff20999df2af8eb42d56 -> 
  custom:audio-encoder-webm-vorbis: bf7c407c2cedff20999df2af8eb42d56 -> 
========================================================================
Received Prepare
Registering precompiled user dll's ...
Registered in 0.002837 seconds.
Begin MonoManager ReloadAssembly
Symbol file LoadedFromMemory doesn't match image /Users/shiny/Documents/GitHub/unity-ar/unity/Dance/Library/PackageCache/com.unity.visualscripting@1.6.1/Editor/VisualScripting.Core/Dependencies/YamlDotNet/Unity.VisualScripting.YamlDotNet.dll
Symbol file LoadedFromMemory doesn't match image /Users/shiny/Documents/GitHub/unity-ar/unity/Dance/Library/PackageCache/com.unity.visualscripting@1.6.1/Editor/VisualScripting.Core/Dependencies/DotNetZip/Unity.VisualScripting.IonicZip.dll
Native extension for OSXStandalone target not found
Native extension for WebGL target not found
Refreshing native plugins compatible for Editor in 0.62 ms, found 2 plugins.
Preloading 0 native plugins for Editor in 0.00 ms.
Mono: successfully reloaded assembly
- Completed reload, in  2.968 seconds
Domain Reload Profiling:
	ReloadAssembly (2969ms)
		BeginReloadAssembly (305ms)
			ExecutionOrderSort (0ms)
			DisableScriptedObjects (40ms)
			BackupInstance (0ms)
			ReleaseScriptingObjects (0ms)
			CreateAndSetChildDomain (140ms)
		EndReloadAssembly (2550ms)
			LoadAssemblies (223ms)
			RebuildTransferFunctionScriptingTraits (0ms)
			SetupTypeCache (467ms)
			ReleaseScriptCaches (1ms)
			RebuildScriptCaches (55ms)
			SetupLoadedEditorAssemblies (1457ms)
				LogAssemblyErrors (0ms)
				InitializePlatformSupportModulesInManaged (18ms)
				SetLoadedEditorAssemblies (1ms)
				RefreshPlugins (1ms)
				BeforeProcessingInitializeOnLoad (132ms)
				ProcessInitializeOnLoadAttributes (1286ms)
				ProcessInitializeOnLoadMethodAttributes (17ms)
				AfterProcessingInitializeOnLoad (1ms)
				EditorAssembliesLoaded (0ms)
			ExecutionOrderSort2 (0ms)
			AwakeInstancesAfterBackupRestoration (43ms)
Platform modules already initialized, skipping
Switching build target platform(2) subTarget(0) extendedPlatform(0) -> platform(9) subTarget(16777218) extendedPlatform(0)
Refreshing native plugins compatible for Editor in 0.57 ms, found 2 plugins.
Preloading 0 native plugins for Editor in 0.00 ms.
Unloading 3311 Unused Serialized files (Serialized files now loaded: 0)
System memory in use before: 238.6 MB.
System memory in use after: 238.9 MB.

Unloading 19 unused Assets to reduce memory usage. Loaded Objects now: 3782.
Total: 2.726291 ms (FindLiveObjects: 0.166875 ms CreateObjectMapping: 0.076125 ms MarkObjects: 2.411875 ms  DeleteObjects: 0.070375 ms)

AssetImportParameters requested are different than current active one (requested -> active):
  custom:video-decoder-ogg-theora: a1e56fd34408186e4bbccfd4996cb3dc -> 
  custom:container-muxer-webm: aa71ff27fc2769a1b78a27578f13a17b -> 
  custom:container-demuxer-webm: 4f35f7cbe854078d1ac9338744f61a02 -> 
  custom:container-demuxer-ogg: 62fdf1f143b41e24485cea50d1cbac27 -> 
  custom:video-encoder-webm-vp8: eb34c28f22e8b96e1ab97ce403110664 -> 
  custom:framework-osx-AVFoundation: e770b220cccbd017edd2c1fefb359320 -> 
  custom:video-decoder-webm-vp8: 9c59270c3fd7afecdb556c50c9e8de78 -> 
  custom:graphics/normal-map-encoding: 01000000000000000000000000000000 -> 02000000000000000000000000000000
  custom:audio-decoder-ogg-vorbis: bf7c407c2cedff20999df2af8eb42d56 -> 
  custom:audio-encoder-webm-vorbis: bf7c407c2cedff20999df2af8eb42d56 -> 
========================================================================
Received Prepare
Refreshing native plugins compatible for Editor in 4.15 ms, found 2 plugins.
Preloading 0 native plugins for Editor in 0.00 ms.
Unloading 16 Unused Serialized files (Serialized files now loaded: 0)
System memory in use before: 173.6 MB.
System memory in use after: 173.8 MB.

Unloading 16 unused Assets to reduce memory usage. Loaded Objects now: 3782.
Total: 3.105542 ms (FindLiveObjects: 0.172708 ms CreateObjectMapping: 0.075458 ms MarkObjects: 2.792792 ms  DeleteObjects: 0.062875 ms)

AssetImportParameters requested are different than current active one (requested -> active):
  custom:video-decoder-ogg-theora: a1e56fd34408186e4bbccfd4996cb3dc -> 
  custom:container-muxer-webm: aa71ff27fc2769a1b78a27578f13a17b -> 
  custom:container-demuxer-webm: 4f35f7cbe854078d1ac9338744f61a02 -> 
  custom:container-demuxer-ogg: 62fdf1f143b41e24485cea50d1cbac27 -> 
  custom:video-encoder-webm-vp8: eb34c28f22e8b96e1ab97ce403110664 -> 
  custom:framework-osx-AVFoundation: e770b220cccbd017edd2c1fefb359320 -> 
  custom:video-decoder-webm-vp8: 9c59270c3fd7afecdb556c50c9e8de78 -> 
  custom:audio-decoder-ogg-vorbis: bf7c407c2cedff20999df2af8eb42d56 -> 
  custom:audio-encoder-webm-vorbis: bf7c407c2cedff20999df2af8eb42d56 -> 
========================================================================
Received Prepare
Refreshing native plugins compatible for Editor in 2.07 ms, found 2 plugins.
Preloading 0 native plugins for Editor in 0.00 ms.
Unloading 16 Unused Serialized files (Serialized files now loaded: 0)
System memory in use before: 173.6 MB.
System memory in use after: 173.8 MB.

Unloading 16 unused Assets to reduce memory usage. Loaded Objects now: 3782.
Total: 10.513958 ms (FindLiveObjects: 0.295708 ms CreateObjectMapping: 0.079625 ms MarkObjects: 10.074375 ms  DeleteObjects: 0.063083 ms)

AssetImportParameters requested are different than current active one (requested -> active):
  custom:video-decoder-ogg-theora: a1e56fd34408186e4bbccfd4996cb3dc -> 
  custom:container-muxer-webm: aa71ff27fc2769a1b78a27578f13a17b -> 
  custom:container-demuxer-webm: 4f35f7cbe854078d1ac9338744f61a02 -> 
  custom:container-demuxer-ogg: 62fdf1f143b41e24485cea50d1cbac27 -> 
  custom:video-encoder-webm-vp8: eb34c28f22e8b96e1ab97ce403110664 -> 
  custom:framework-osx-AVFoundation: e770b220cccbd017edd2c1fefb359320 -> 
  custom:video-decoder-webm-vp8: 9c59270c3fd7afecdb556c50c9e8de78 -> 
  custom:audio-decoder-ogg-vorbis: bf7c407c2cedff20999df2af8eb42d56 -> 
  custom:audio-encoder-webm-vorbis: bf7c407c2cedff20999df2af8eb42d56 -> 
========================================================================
Received Import Request.
  Time since last request: 2292.061198 seconds.
  path: Assets/Mixamo/Amy
  artifactKey: Guid(a9da17070b60543f4a05022306fbf12f) Importer(815301076,1909f56bfc062723c751e8b465ee728b)
Start importing Assets/Mixamo/Amy using Guid(a9da17070b60543f4a05022306fbf12f) Importer(815301076,1909f56bfc062723c751e8b465ee728b)  -> (artifact id: 'cd1858d9475bb452d484630a5c78314f') in 0.010889 seconds 
========================================================================
Received Import Request.
  Time since last request: 6.778791 seconds.
  path: Assets/Mixamo/amy
  artifactKey: Guid(a9da17070b60543f4a05022306fbf12f) Importer(815301076,1909f56bfc062723c751e8b465ee728b)
Start importing Assets/Mixamo/amy using Guid(a9da17070b60543f4a05022306fbf12f) Importer(815301076,1909f56bfc062723c751e8b465ee728b)  -> (artifact id: '95ca3c9907af37f36d868e3dacdea920') in 0.001578 seconds 
========================================================================
Received Import Request.
  Time since last request: 11.142796 seconds.
  path: Assets/Mixamo/amy/Ch46_nonPBR.fbx
  artifactKey: Guid(7afc645bddf554612ab50274e6fe9265) Importer(815301076,1909f56bfc062723c751e8b465ee728b)
Start importing Assets/Mixamo/amy/Ch46_nonPBR.fbx using Guid(7afc645bddf554612ab50274e6fe9265) Importer(815301076,1909f56bfc062723c751e8b465ee728b)  -> (artifact id: '56474437e202fbca2cea802297533054') in 1.236655 seconds 
========================================================================
Received Import Request.
  Time since last request: 5.657349 seconds.
  path: Assets/Mixamo/amy/Ch46_nonPBR.fbx
  artifactKey: Guid(7afc645bddf554612ab50274e6fe9265) Importer(815301076,1909f56bfc062723c751e8b465ee728b)
Start importing Assets/Mixamo/amy/Ch46_nonPBR.fbx using Guid(7afc645bddf554612ab50274e6fe9265) Importer(815301076,1909f56bfc062723c751e8b465ee728b)  -> (artifact id: '797d4e72078ee9115d9531fa544c5bbb') in 0.050075 seconds 
========================================================================
Received Import Request.
  Time since last request: 83.918905 seconds.
  path: Assets/Mixamo/Amy/Ch46_1001_Diffuse.png
  artifactKey: Guid(468c49fd122264d6cbc531924097f5fc) Importer(815301076,1909f56bfc062723c751e8b465ee728b)
Start importing Assets/Mixamo/Amy/Ch46_1001_Diffuse.png using Guid(468c49fd122264d6cbc531924097f5fc) Importer(815301076,1909f56bfc062723c751e8b465ee728b)  -> (artifact id: '7c5ccb917d163ed5c107031209d6be58') in 0.564577 seconds 
========================================================================
Received Import Request.
  Time since last request: 0.000199 seconds.
  path: Assets/Mixamo/Amy/Ch46_1001_Glossiness.png
  artifactKey: Guid(e994e30c107eb47b0af9bfc2be206567) Importer(815301076,1909f56bfc062723c751e8b465ee728b)
Start importing Assets/Mixamo/Amy/Ch46_1001_Glossiness.png using Guid(e994e30c107eb47b0af9bfc2be206567) Importer(815301076,1909f56bfc062723c751e8b465ee728b)  -> (artifact id: 'c8ef7c01a6cb25f36157129e1ef6e6d6') in 0.011396 seconds 
========================================================================
Received Import Request.
  Time since last request: 0.000393 seconds.
  path: Assets/Mixamo/Amy/Ch46_1001_Normal.png
  artifactKey: Guid(1eda6cecd696648cf8c5756ff9e37f24) Importer(815301076,1909f56bfc062723c751e8b465ee728b)
Start importing Assets/Mixamo/Amy/Ch46_1001_Normal.png using Guid(1eda6cecd696648cf8c5756ff9e37f24) Importer(815301076,1909f56bfc062723c751e8b465ee728b)  -> (artifact id: 'b856e5cbfbab2a3b9d42b42cdc47c9fb') in 0.009227 seconds 
========================================================================
Received Import Request.
  Time since last request: 0.000184 seconds.
  path: Assets/Mixamo/Amy/Ch46_1001_Specular.png
  artifactKey: Guid(de98fdb28209d4013880abdaf4cc285c) Importer(815301076,1909f56bfc062723c751e8b465ee728b)
Start importing Assets/Mixamo/Amy/Ch46_1001_Specular.png using Guid(de98fdb28209d4013880abdaf4cc285c) Importer(815301076,1909f56bfc062723c751e8b465ee728b)  -> (artifact id: '549b49348160a80c8dc39a11b4305b84') in 0.011794 seconds 
========================================================================
Received Import Request.
  Time since last request: 0.000295 seconds.
  path: Assets/Mixamo/Amy/Ch46_nonPBR.fbx
  artifactKey: Guid(7afc645bddf554612ab50274e6fe9265) Importer(815301076,1909f56bfc062723c751e8b465ee728b)
Start importing Assets/Mixamo/Amy/Ch46_nonPBR.fbx using Guid(7afc645bddf554612ab50274e6fe9265) Importer(815301076,1909f56bfc062723c751e8b465ee728b)  -> (artifact id: '3ab3c5d8372d0fc7e9da4de49ad0557a') in 0.048632 seconds 
========================================================================
Received Import Request.
  Time since last request: 12.597349 seconds.
  path: Assets/Mixamo/Amy/Ch46_1001_Normal.png
  artifactKey: Guid(1eda6cecd696648cf8c5756ff9e37f24) Importer(815301076,1909f56bfc062723c751e8b465ee728b)
Start importing Assets/Mixamo/Amy/Ch46_1001_Normal.png using Guid(1eda6cecd696648cf8c5756ff9e37f24) Importer(815301076,1909f56bfc062723c751e8b465ee728b)  -> (artifact id: 'e1db7cb62198bcb6a199f4eccb0660c8') in 0.010841 seconds 
========================================================================
Received Import Request.
  Time since last request: 4.951272 seconds.
  path: Assets/Mixamo/Amy/Ch46_body.mat
  artifactKey: Guid(31b69b007573b4451b84ec03d10ab619) Importer(815301076,1909f56bfc062723c751e8b465ee728b)
Start importing Assets/Mixamo/Amy/Ch46_body.mat using Guid(31b69b007573b4451b84ec03d10ab619) Importer(815301076,1909f56bfc062723c751e8b465ee728b)  -> (artifact id: '8f7c233ef2e5664ec29390468009f5cb') in 0.616540 seconds 
========================================================================
Received Import Request.
  Time since last request: 0.000133 seconds.
  path: Assets/Mixamo/Amy/Ch46_nonPBR.fbx
  artifactKey: Guid(7afc645bddf554612ab50274e6fe9265) Importer(815301076,1909f56bfc062723c751e8b465ee728b)
Start importing Assets/Mixamo/Amy/Ch46_nonPBR.fbx using Guid(7afc645bddf554612ab50274e6fe9265) Importer(815301076,1909f56bfc062723c751e8b465ee728b)  -> (artifact id: '51b65b7e25e0ffebe843efdeeaf4e91a') in 0.031905 seconds 
========================================================================
Received Import Request.
  Time since last request: 50.674108 seconds.
  path: Assets/Mixamo/Kachujin/Kachujin_diffuse.png
  artifactKey: Guid(24387ccce889a2d4eac064943a69772c) Importer(815301076,1909f56bfc062723c751e8b465ee728b)
Start importing Assets/Mixamo/Kachujin/Kachujin_diffuse.png using Guid(24387ccce889a2d4eac064943a69772c) Importer(815301076,1909f56bfc062723c751e8b465ee728b)  -> (artifact id: '9f6ba720ee0b0e9e458145414422f023') in 0.020179 seconds 
========================================================================
Received Import Request.
  Time since last request: 0.000232 seconds.
  path: Assets/Mixamo/Kachujin/Kachujin_specular.png
  artifactKey: Guid(d46ca501a15c28d459f2e7769162b29d) Importer(815301076,1909f56bfc062723c751e8b465ee728b)
Start importing Assets/Mixamo/Kachujin/Kachujin_specular.png using Guid(d46ca501a15c28d459f2e7769162b29d) Importer(815301076,1909f56bfc062723c751e8b465ee728b)  -> (artifact id: 'c3c637c37581ac111c657bbd42e3e787') in 0.013616 seconds 
========================================================================
Received Import Request.
  Time since last request: 0.000233 seconds.
  path: Assets/Mixamo/Kachujin/Kachujin_normal.png
  artifactKey: Guid(c121892ef863ecb48bfe231cbd879575) Importer(815301076,1909f56bfc062723c751e8b465ee728b)
Start importing Assets/Mixamo/Kachujin/Kachujin_normal.png using Guid(c121892ef863ecb48bfe231cbd879575) Importer(815301076,1909f56bfc062723c751e8b465ee728b)  -> (artifact id: 'ec9bf7394d607d336ed771bdf9e549fa') in 0.012627 seconds 
========================================================================
Received Import Request.
  Time since last request: 13.581141 seconds.
  path: Assets/Animation
  artifactKey: Guid(639f45948abe14261b1d6edf177be6c2) Importer(815301076,1909f56bfc062723c751e8b465ee728b)
Start importing Assets/Animation using Guid(639f45948abe14261b1d6edf177be6c2) Importer(815301076,1909f56bfc062723c751e8b465ee728b)  -> (artifact id: '45231f6fba04c6ab1e10059543e5988b') in 0.001717 seconds 
========================================================================
Received Import Request.
  Time since last request: 24.017159 seconds.
  path: Assets/Mixamo/Kachujin/Kicking.anim
  artifactKey: Guid(ef5d0cce4c6e81a42a187f413a776f0f) Importer(815301076,1909f56bfc062723c751e8b465ee728b)
Start importing Assets/Mixamo/Kachujin/Kicking.anim using Guid(ef5d0cce4c6e81a42a187f413a776f0f) Importer(815301076,1909f56bfc062723c751e8b465ee728b)  -> (artifact id: '75a7b7bebf186082a27e096769a44015') in 0.223195 seconds 
========================================================================
Received Import Request.
  Time since last request: 0.453575 seconds.
  path: Assets/Mixamo/Kachujin/Right Turn.anim
  artifactKey: Guid(141132808cc93ee48be7ac6169e0bab7) Importer(815301076,1909f56bfc062723c751e8b465ee728b)
Start importing Assets/Mixamo/Kachujin/Right Turn.anim using Guid(141132808cc93ee48be7ac6169e0bab7) Importer(815301076,1909f56bfc062723c751e8b465ee728b)  -> (artifact id: 'cc5cf30ba33a526c673dfeabd10767aa') in 0.018801 seconds 
========================================================================
Received Import Request.
  Time since last request: 50.754511 seconds.
  path: Assets/Resources/Amy.prefab
  artifactKey: Guid(8e1aeb0991ffb43748b00901641f472d) Importer(815301076,1909f56bfc062723c751e8b465ee728b)
Start importing Assets/Resources/Amy.prefab using Guid(8e1aeb0991ffb43748b00901641f472d) Importer(815301076,1909f56bfc062723c751e8b465ee728b)  -> (artifact id: '17e401630438a477f07028c80cdec974') in 0.196090 seconds 
========================================================================
Received Prepare
Registering precompiled user dll's ...
Registered in 0.004770 seconds.
Begin MonoManager ReloadAssembly
Symbol file LoadedFromMemory doesn't match image /Users/shiny/Documents/GitHub/unity-ar/unity/Dance/Library/PackageCache/com.unity.visualscripting@1.6.1/Editor/VisualScripting.Core/Dependencies/YamlDotNet/Unity.VisualScripting.YamlDotNet.dll
Symbol file LoadedFromMemory doesn't match image /Users/shiny/Documents/GitHub/unity-ar/unity/Dance/Library/PackageCache/com.unity.visualscripting@1.6.1/Editor/VisualScripting.Core/Dependencies/DotNetZip/Unity.VisualScripting.IonicZip.dll
Native extension for OSXStandalone target not found
Native extension for WebGL target not found
Refreshing native plugins compatible for Editor in 0.62 ms, found 2 plugins.
Preloading 0 native plugins for Editor in 0.00 ms.
Mono: successfully reloaded assembly
- Completed reload, in  3.309 seconds
Domain Reload Profiling:
	ReloadAssembly (3310ms)
		BeginReloadAssembly (318ms)
			ExecutionOrderSort (0ms)
			DisableScriptedObjects (34ms)
			BackupInstance (0ms)
			ReleaseScriptingObjects (0ms)
			CreateAndSetChildDomain (129ms)
		EndReloadAssembly (2865ms)
			LoadAssemblies (264ms)
			RebuildTransferFunctionScriptingTraits (0ms)
			SetupTypeCache (470ms)
			ReleaseScriptCaches (1ms)
			RebuildScriptCaches (58ms)
			SetupLoadedEditorAssemblies (1668ms)
				LogAssemblyErrors (0ms)
				InitializePlatformSupportModulesInManaged (17ms)
				SetLoadedEditorAssemblies (2ms)
				RefreshPlugins (1ms)
				BeforeProcessingInitializeOnLoad (182ms)
				ProcessInitializeOnLoadAttributes (1446ms)
				ProcessInitializeOnLoadMethodAttributes (19ms)
				AfterProcessingInitializeOnLoad (1ms)
				EditorAssembliesLoaded (0ms)
			ExecutionOrderSort2 (0ms)
			AwakeInstancesAfterBackupRestoration (81ms)
Platform modules already initialized, skipping
Switching build target platform(2) subTarget(0) extendedPlatform(0) -> platform(9) subTarget(16777218) extendedPlatform(0)
Refreshing native plugins compatible for Editor in 0.60 ms, found 2 plugins.
Preloading 0 native plugins for Editor in 0.00 ms.
Unloading 3318 Unused Serialized files (Serialized files now loaded: 0)
System memory in use before: 301.9 MB.
System memory in use after: 302.1 MB.

Unloading 19 unused Assets to reduce memory usage. Loaded Objects now: 3951.
Total: 2.786750 ms (FindLiveObjects: 0.175542 ms CreateObjectMapping: 0.078542 ms MarkObjects: 2.468333 ms  DeleteObjects: 0.063084 ms)

AssetImportParameters requested are different than current active one (requested -> active):
  custom:video-decoder-ogg-theora: a1e56fd34408186e4bbccfd4996cb3dc -> 
  custom:container-muxer-webm: aa71ff27fc2769a1b78a27578f13a17b -> 
  custom:container-demuxer-webm: 4f35f7cbe854078d1ac9338744f61a02 -> 
  custom:container-demuxer-ogg: 62fdf1f143b41e24485cea50d1cbac27 -> 
  custom:video-encoder-webm-vp8: eb34c28f22e8b96e1ab97ce403110664 -> 
  custom:framework-osx-AVFoundation: e770b220cccbd017edd2c1fefb359320 -> 
  custom:video-decoder-webm-vp8: 9c59270c3fd7afecdb556c50c9e8de78 -> 
  custom:graphics/normal-map-encoding: 01000000000000000000000000000000 -> 02000000000000000000000000000000
  custom:audio-decoder-ogg-vorbis: bf7c407c2cedff20999df2af8eb42d56 -> 
  custom:audio-encoder-webm-vorbis: bf7c407c2cedff20999df2af8eb42d56 -> 
========================================================================
Received Prepare
Registering precompiled user dll's ...
Registered in 0.004007 seconds.
Begin MonoManager ReloadAssembly
Symbol file LoadedFromMemory doesn't match image /Users/shiny/Documents/GitHub/unity-ar/unity/Dance/Library/PackageCache/com.unity.visualscripting@1.6.1/Editor/VisualScripting.Core/Dependencies/YamlDotNet/Unity.VisualScripting.YamlDotNet.dll
Symbol file LoadedFromMemory doesn't match image /Users/shiny/Documents/GitHub/unity-ar/unity/Dance/Library/PackageCache/com.unity.visualscripting@1.6.1/Editor/VisualScripting.Core/Dependencies/DotNetZip/Unity.VisualScripting.IonicZip.dll
Native extension for OSXStandalone target not found
Native extension for WebGL target not found
Refreshing native plugins compatible for Editor in 0.63 ms, found 2 plugins.
Preloading 0 native plugins for Editor in 0.00 ms.
Mono: successfully reloaded assembly
- Completed reload, in  2.914 seconds
Domain Reload Profiling:
	ReloadAssembly (2916ms)
		BeginReloadAssembly (241ms)
			ExecutionOrderSort (0ms)
			DisableScriptedObjects (37ms)
			BackupInstance (0ms)
			ReleaseScriptingObjects (0ms)
			CreateAndSetChildDomain (92ms)
		EndReloadAssembly (2563ms)
			LoadAssemblies (194ms)
			RebuildTransferFunctionScriptingTraits (0ms)
			SetupTypeCache (442ms)
			ReleaseScriptCaches (1ms)
			RebuildScriptCaches (55ms)
			SetupLoadedEditorAssemblies (1502ms)
				LogAssemblyErrors (0ms)
				InitializePlatformSupportModulesInManaged (18ms)
				SetLoadedEditorAssemblies (2ms)
				RefreshPlugins (1ms)
				BeforeProcessingInitializeOnLoad (130ms)
				ProcessInitializeOnLoadAttributes (1332ms)
				ProcessInitializeOnLoadMethodAttributes (17ms)
				AfterProcessingInitializeOnLoad (1ms)
				EditorAssembliesLoaded (0ms)
			ExecutionOrderSort2 (0ms)
			AwakeInstancesAfterBackupRestoration (68ms)
Platform modules already initialized, skipping
Switching build target platform(2) subTarget(0) extendedPlatform(0) -> platform(9) subTarget(16777218) extendedPlatform(0)
Refreshing native plugins compatible for Editor in 0.57 ms, found 2 plugins.
Preloading 0 native plugins for Editor in 0.00 ms.
Unloading 3311 Unused Serialized files (Serialized files now loaded: 0)
System memory in use before: 301.9 MB.
System memory in use after: 302.1 MB.

Unloading 19 unused Assets to reduce memory usage. Loaded Objects now: 3955.
Total: 2.689875 ms (FindLiveObjects: 0.161334 ms CreateObjectMapping: 0.078125 ms MarkObjects: 2.394417 ms  DeleteObjects: 0.055083 ms)

AssetImportParameters requested are different than current active one (requested -> active):
  custom:video-decoder-ogg-theora: a1e56fd34408186e4bbccfd4996cb3dc -> 
  custom:container-muxer-webm: aa71ff27fc2769a1b78a27578f13a17b -> 
  custom:container-demuxer-webm: 4f35f7cbe854078d1ac9338744f61a02 -> 
  custom:container-demuxer-ogg: 62fdf1f143b41e24485cea50d1cbac27 -> 
  custom:video-encoder-webm-vp8: eb34c28f22e8b96e1ab97ce403110664 -> 
  custom:framework-osx-AVFoundation: e770b220cccbd017edd2c1fefb359320 -> 
  custom:video-decoder-webm-vp8: 9c59270c3fd7afecdb556c50c9e8de78 -> 
  custom:graphics/normal-map-encoding: 01000000000000000000000000000000 -> 02000000000000000000000000000000
  custom:audio-decoder-ogg-vorbis: bf7c407c2cedff20999df2af8eb42d56 -> 
  custom:audio-encoder-webm-vorbis: bf7c407c2cedff20999df2af8eb42d56 -> 
========================================================================
Received Prepare
Refreshing native plugins compatible for Editor in 3.86 ms, found 2 plugins.
Preloading 0 native plugins for Editor in 0.00 ms.
Unloading 16 Unused Serialized files (Serialized files now loaded: 0)
System memory in use before: 237.0 MB.
System memory in use after: 237.2 MB.

Unloading 16 unused Assets to reduce memory usage. Loaded Objects now: 3955.
Total: 2.742459 ms (FindLiveObjects: 0.166250 ms CreateObjectMapping: 0.075167 ms MarkObjects: 2.449458 ms  DeleteObjects: 0.047917 ms)

AssetImportParameters requested are different than current active one (requested -> active):
  custom:video-decoder-ogg-theora: a1e56fd34408186e4bbccfd4996cb3dc -> 
  custom:container-muxer-webm: aa71ff27fc2769a1b78a27578f13a17b -> 
  custom:container-demuxer-webm: 4f35f7cbe854078d1ac9338744f61a02 -> 
  custom:container-demuxer-ogg: 62fdf1f143b41e24485cea50d1cbac27 -> 
  custom:video-encoder-webm-vp8: eb34c28f22e8b96e1ab97ce403110664 -> 
  custom:framework-osx-AVFoundation: e770b220cccbd017edd2c1fefb359320 -> 
  custom:video-decoder-webm-vp8: 9c59270c3fd7afecdb556c50c9e8de78 -> 
  custom:audio-decoder-ogg-vorbis: bf7c407c2cedff20999df2af8eb42d56 -> 
  custom:audio-encoder-webm-vorbis: bf7c407c2cedff20999df2af8eb42d56 -> 
========================================================================
Received Prepare
Refreshing native plugins compatible for Editor in 1.85 ms, found 2 plugins.
Preloading 0 native plugins for Editor in 0.00 ms.
Unloading 16 Unused Serialized files (Serialized files now loaded: 0)
System memory in use before: 237.0 MB.
System memory in use after: 237.2 MB.

Unloading 16 unused Assets to reduce memory usage. Loaded Objects now: 3955.
Total: 9.386500 ms (FindLiveObjects: 0.412750 ms CreateObjectMapping: 0.081458 ms MarkObjects: 8.798917 ms  DeleteObjects: 0.092500 ms)

AssetImportParameters requested are different than current active one (requested -> active):
  custom:video-decoder-ogg-theora: a1e56fd34408186e4bbccfd4996cb3dc -> 
  custom:container-muxer-webm: aa71ff27fc2769a1b78a27578f13a17b -> 
  custom:container-demuxer-webm: 4f35f7cbe854078d1ac9338744f61a02 -> 
  custom:container-demuxer-ogg: 62fdf1f143b41e24485cea50d1cbac27 -> 
  custom:video-encoder-webm-vp8: eb34c28f22e8b96e1ab97ce403110664 -> 
  custom:framework-osx-AVFoundation: e770b220cccbd017edd2c1fefb359320 -> 
  custom:video-decoder-webm-vp8: 9c59270c3fd7afecdb556c50c9e8de78 -> 
  custom:audio-decoder-ogg-vorbis: bf7c407c2cedff20999df2af8eb42d56 -> 
  custom:audio-encoder-webm-vorbis: bf7c407c2cedff20999df2af8eb42d56 -> 
========================================================================
Received Prepare
Refreshing native plugins compatible for Editor in 1.84 ms, found 2 plugins.
Preloading 0 native plugins for Editor in 0.00 ms.
Unloading 16 Unused Serialized files (Serialized files now loaded: 0)
System memory in use before: 237.0 MB.
System memory in use after: 237.2 MB.

Unloading 16 unused Assets to reduce memory usage. Loaded Objects now: 3955.
Total: 8.808042 ms (FindLiveObjects: 0.362208 ms CreateObjectMapping: 0.077500 ms MarkObjects: 8.268375 ms  DeleteObjects: 0.098917 ms)

AssetImportParameters requested are different than current active one (requested -> active):
  custom:video-decoder-ogg-theora: a1e56fd34408186e4bbccfd4996cb3dc -> 
  custom:container-muxer-webm: aa71ff27fc2769a1b78a27578f13a17b -> 
  custom:container-demuxer-webm: 4f35f7cbe854078d1ac9338744f61a02 -> 
  custom:container-demuxer-ogg: 62fdf1f143b41e24485cea50d1cbac27 -> 
  custom:video-encoder-webm-vp8: eb34c28f22e8b96e1ab97ce403110664 -> 
  custom:framework-osx-AVFoundation: e770b220cccbd017edd2c1fefb359320 -> 
  custom:video-decoder-webm-vp8: 9c59270c3fd7afecdb556c50c9e8de78 -> 
  custom:audio-decoder-ogg-vorbis: bf7c407c2cedff20999df2af8eb42d56 -> 
  custom:audio-encoder-webm-vorbis: bf7c407c2cedff20999df2af8eb42d56 -> 
========================================================================
Received Import Request.
  Time since last request: 1081.083217 seconds.
  path: Assets/Mixamo/New Folder
  artifactKey: Guid(6774245123d97489395ec7ff6c60fad8) Importer(815301076,1909f56bfc062723c751e8b465ee728b)
Start importing Assets/Mixamo/New Folder using Guid(6774245123d97489395ec7ff6c60fad8) Importer(815301076,1909f56bfc062723c751e8b465ee728b)  -> (artifact id: '5da825f3b58ca4a9440c72054815f515') in 0.012724 seconds 
========================================================================
Received Import Request.
  Time since last request: 2.305422 seconds.
  path: Assets/Mixamo/New Folder/medea_m_arrebola.fbx
  artifactKey: Guid(7fabe458f767c4cb3b4f609076378787) Importer(815301076,1909f56bfc062723c751e8b465ee728b)
Start importing Assets/Mixamo/New Folder/medea_m_arrebola.fbx using Guid(7fabe458f767c4cb3b4f609076378787) Importer(815301076,1909f56bfc062723c751e8b465ee728b)  -> (artifact id: 'f6e0eb0e068a8dfc257b58b73e783899') in 0.570096 seconds 
========================================================================
Received Import Request.
  Time since last request: 11.521598 seconds.
  path: Assets/Mixamo/New Folder/medea_m_arrebola.fbx
  artifactKey: Guid(7fabe458f767c4cb3b4f609076378787) Importer(815301076,1909f56bfc062723c751e8b465ee728b)
Start importing Assets/Mixamo/New Folder/medea_m_arrebola.fbx using Guid(7fabe458f767c4cb3b4f609076378787) Importer(815301076,1909f56bfc062723c751e8b465ee728b)  -> (artifact id: 'ef73abede9b0ad5374a1feae7cbaf913') in 0.035857 seconds 
========================================================================
Received Import Request.
  Time since last request: 14.997269 seconds.
  path: Assets/Mixamo/New Folder/medea_m_arrebola.fbx
  artifactKey: Guid(7fabe458f767c4cb3b4f609076378787) Importer(815301076,1909f56bfc062723c751e8b465ee728b)
Start importing Assets/Mixamo/New Folder/medea_m_arrebola.fbx using Guid(7fabe458f767c4cb3b4f609076378787) Importer(815301076,1909f56bfc062723c751e8b465ee728b)  -> (artifact id: 'd43f0451965cc46f4b616b67e8236a06') in 0.030154 seconds 
========================================================================
Received Import Request.
  Time since last request: 0.000315 seconds.
  path: Assets/Mixamo/New Folder/MEDEA specular.png
  artifactKey: Guid(0bbd1d630e866486fa26241ac7cde3f2) Importer(815301076,1909f56bfc062723c751e8b465ee728b)
Start importing Assets/Mixamo/New Folder/MEDEA specular.png using Guid(0bbd1d630e866486fa26241ac7cde3f2) Importer(815301076,1909f56bfc062723c751e8b465ee728b)  -> (artifact id: '5e07992b59233148b71a9e531135f39e') in 0.030637 seconds 
========================================================================
Received Import Request.
  Time since last request: 0.000207 seconds.
  path: Assets/Mixamo/New Folder/MEDEA glow.png
  artifactKey: Guid(608022cd78ba54b6f86b8804b6bbdff0) Importer(815301076,1909f56bfc062723c751e8b465ee728b)
Start importing Assets/Mixamo/New Folder/MEDEA glow.png using Guid(608022cd78ba54b6f86b8804b6bbdff0) Importer(815301076,1909f56bfc062723c751e8b465ee728b)  -> (artifact id: 'a02a5b5333cbb1853a6de9a902da5338') in 0.008380 seconds 
========================================================================
Received Import Request.
  Time since last request: 0.000284 seconds.
  path: Assets/Mixamo/New Folder/MEDEA diffuse.png
  artifactKey: Guid(9dbe36ca39ed540e6ab163eee5cd1f12) Importer(815301076,1909f56bfc062723c751e8b465ee728b)
Start importing Assets/Mixamo/New Folder/MEDEA diffuse.png using Guid(9dbe36ca39ed540e6ab163eee5cd1f12) Importer(815301076,1909f56bfc062723c751e8b465ee728b)  -> (artifact id: '4fa255c7e2d2d4c5470b071eb1cd81d9') in 0.008353 seconds 
========================================================================
Received Import Request.
  Time since last request: 3.063563 seconds.
  path: Assets/Mixamo/New Folder/medea_m_arrebola.fbx
  artifactKey: Guid(7fabe458f767c4cb3b4f609076378787) Importer(815301076,1909f56bfc062723c751e8b465ee728b)
Start importing Assets/Mixamo/New Folder/medea_m_arrebola.fbx using Guid(7fabe458f767c4cb3b4f609076378787) Importer(815301076,1909f56bfc062723c751e8b465ee728b)  -> (artifact id: 'e4e72a4d0dd708bb6250d3f00f25f10d') in 0.023579 seconds 
========================================================================
Received Import Request.
  Time since last request: 0.000203 seconds.
  path: Assets/Mixamo/New Folder/Mdea_MAT.mat
  artifactKey: Guid(aced4506fc2a04dbcb01bc8336b221ce) Importer(815301076,1909f56bfc062723c751e8b465ee728b)
Start importing Assets/Mixamo/New Folder/Mdea_MAT.mat using Guid(aced4506fc2a04dbcb01bc8336b221ce) Importer(815301076,1909f56bfc062723c751e8b465ee728b)  -> (artifact id: '41e58f2aba7a594abe91bfae129055d3') in 0.010861 seconds 
========================================================================
Received Import Request.
  Time since last request: 50.966580 seconds.
  path: Assets/Mixamo/Medea
  artifactKey: Guid(6774245123d97489395ec7ff6c60fad8) Importer(815301076,1909f56bfc062723c751e8b465ee728b)
Start importing Assets/Mixamo/Medea using Guid(6774245123d97489395ec7ff6c60fad8) Importer(815301076,1909f56bfc062723c751e8b465ee728b)  -> (artifact id: 'e6ebea30b1dde03c59669ea197ef7218') in 0.001034 seconds 
========================================================================
Received Import Request.
  Time since last request: 28.189758 seconds.
  path: Assets/Resources/medea_m_arrebola.prefab
  artifactKey: Guid(23d947594c36a4552a568df18473ac67) Importer(815301076,1909f56bfc062723c751e8b465ee728b)
Start importing Assets/Resources/medea_m_arrebola.prefab using Guid(23d947594c36a4552a568df18473ac67) Importer(815301076,1909f56bfc062723c751e8b465ee728b)  -> (artifact id: '6b56cc2a06645e746585573fc3265f53') in 0.071731 seconds 
========================================================================
Received Import Request.
  Time since last request: 21.184226 seconds.
  path: Assets/Resources/Medea.prefab
  artifactKey: Guid(23d947594c36a4552a568df18473ac67) Importer(815301076,1909f56bfc062723c751e8b465ee728b)
Start importing Assets/Resources/Medea.prefab using Guid(23d947594c36a4552a568df18473ac67) Importer(815301076,1909f56bfc062723c751e8b465ee728b)  -> (artifact id: 'e4d0d07dc449e83977623d0541974998') in 0.055394 seconds 
========================================================================
Received Prepare
Refreshing native plugins compatible for Editor in 4.12 ms, found 2 plugins.
Preloading 0 native plugins for Editor in 0.00 ms.
Unloading 16 Unused Serialized files (Serialized files now loaded: 0)
System memory in use before: 239.3 MB.
System memory in use after: 239.6 MB.

Unloading 16 unused Assets to reduce memory usage. Loaded Objects now: 3959.
Total: 5.603458 ms (FindLiveObjects: 0.254000 ms CreateObjectMapping: 0.090709 ms MarkObjects: 5.199084 ms  DeleteObjects: 0.058458 ms)

AssetImportParameters requested are different than current active one (requested -> active):
  custom:video-decoder-ogg-theora: a1e56fd34408186e4bbccfd4996cb3dc -> 
  custom:container-muxer-webm: aa71ff27fc2769a1b78a27578f13a17b -> 
  custom:container-demuxer-webm: 4f35f7cbe854078d1ac9338744f61a02 -> 
  custom:container-demuxer-ogg: 62fdf1f143b41e24485cea50d1cbac27 -> 
  custom:video-encoder-webm-vp8: eb34c28f22e8b96e1ab97ce403110664 -> 
  custom:framework-osx-AVFoundation: e770b220cccbd017edd2c1fefb359320 -> 
  custom:video-decoder-webm-vp8: 9c59270c3fd7afecdb556c50c9e8de78 -> 
  custom:audio-decoder-ogg-vorbis: bf7c407c2cedff20999df2af8eb42d56 -> 
  custom:audio-encoder-webm-vorbis: bf7c407c2cedff20999df2af8eb42d56 -> 
========================================================================
Received Import Request.
  Time since last request: 139.860848 seconds.
  path: Assets/Mixamo/Medea/Mdea_MAT.mat
  artifactKey: Guid(aced4506fc2a04dbcb01bc8336b221ce) Importer(815301076,1909f56bfc062723c751e8b465ee728b)
Start importing Assets/Mixamo/Medea/Mdea_MAT.mat using Guid(aced4506fc2a04dbcb01bc8336b221ce) Importer(815301076,1909f56bfc062723c751e8b465ee728b)  -> (artifact id: '0b0f352e09e8847ce21b2f983ce24983') in 0.076018 seconds 
========================================================================
Received Import Request.
  Time since last request: 22.567525 seconds.
  path: Assets/Mixamo/Medea/medea_m_arrebola.fbx
  artifactKey: Guid(7fabe458f767c4cb3b4f609076378787) Importer(815301076,1909f56bfc062723c751e8b465ee728b)
Start importing Assets/Mixamo/Medea/medea_m_arrebola.fbx using Guid(7fabe458f767c4cb3b4f609076378787) Importer(815301076,1909f56bfc062723c751e8b465ee728b)  -> (artifact id: '194413a07ca0c33c0aea485159ada5cb') in 0.039024 seconds 
========================================================================
Received Import Request.
  Time since last request: 11.816408 seconds.
  path: Assets/Mixamo/Medea/medea_m_arrebola.fbx
  artifactKey: Guid(7fabe458f767c4cb3b4f609076378787) Importer(815301076,1909f56bfc062723c751e8b465ee728b)
Start importing Assets/Mixamo/Medea/medea_m_arrebola.fbx using Guid(7fabe458f767c4cb3b4f609076378787) Importer(815301076,1909f56bfc062723c751e8b465ee728b)  -> (artifact id: 'df7f901c523b512b3be04ad523c684a2') in 0.024996 seconds 
========================================================================
Received Import Request.
  Time since last request: 71.063372 seconds.
  path: Assets/Mixamo/Medea/medea_m_arrebola.fbx
  artifactKey: Guid(7fabe458f767c4cb3b4f609076378787) Importer(815301076,1909f56bfc062723c751e8b465ee728b)
Start importing Assets/Mixamo/Medea/medea_m_arrebola.fbx using Guid(7fabe458f767c4cb3b4f609076378787) Importer(815301076,1909f56bfc062723c751e8b465ee728b)  -> (artifact id: '55b50257454827ae4605057b0e9f4d9c') in 0.028443 seconds 
========================================================================
Received Import Request.
  Time since last request: 13.941897 seconds.
  path: Assets/Mixamo/Medea/medea_m_arrebola.fbx
  artifactKey: Guid(7fabe458f767c4cb3b4f609076378787) Importer(815301076,1909f56bfc062723c751e8b465ee728b)
Start importing Assets/Mixamo/Medea/medea_m_arrebola.fbx using Guid(7fabe458f767c4cb3b4f609076378787) Importer(815301076,1909f56bfc062723c751e8b465ee728b)  -> (artifact id: '7bfdc549a561d0659757b7b6b9fce22f') in 0.027031 seconds 
========================================================================
Received Import Request.
  Time since last request: 17.383928 seconds.
  path: Assets/Mixamo/Medea/medea_m_arrebola.fbx
  artifactKey: Guid(7fabe458f767c4cb3b4f609076378787) Importer(815301076,1909f56bfc062723c751e8b465ee728b)
Start importing Assets/Mixamo/Medea/medea_m_arrebola.fbx using Guid(7fabe458f767c4cb3b4f609076378787) Importer(815301076,1909f56bfc062723c751e8b465ee728b)  -> (artifact id: '7d68d575f950f701939ff480470b429d') in 0.027205 seconds 
========================================================================
Received Import Request.
  Time since last request: 16.418108 seconds.
  path: Assets/Mixamo/Medea/medea_m_arrebola.fbx
  artifactKey: Guid(7fabe458f767c4cb3b4f609076378787) Importer(815301076,1909f56bfc062723c751e8b465ee728b)
Start importing Assets/Mixamo/Medea/medea_m_arrebola.fbx using Guid(7fabe458f767c4cb3b4f609076378787) Importer(815301076,1909f56bfc062723c751e8b465ee728b)  -> (artifact id: 'aa90fb9eaaddc7cb0a89746115f64d3d') in 0.031994 seconds 
========================================================================
Received Import Request.
  Time since last request: 25.033261 seconds.
  path: Assets/Mixamo/Medea/medea_m_arrebola.fbx
  artifactKey: Guid(7fabe458f767c4cb3b4f609076378787) Importer(815301076,1909f56bfc062723c751e8b465ee728b)
Start importing Assets/Mixamo/Medea/medea_m_arrebola.fbx using Guid(7fabe458f767c4cb3b4f609076378787) Importer(815301076,1909f56bfc062723c751e8b465ee728b)  -> (artifact id: '5d30702c4bb1e63583e7797e8e15f6b7') in 0.028530 seconds 
========================================================================
Received Import Request.
  Time since last request: 40.806682 seconds.
  path: Assets/Resources/Medea.prefab
  artifactKey: Guid(23d947594c36a4552a568df18473ac67) Importer(815301076,1909f56bfc062723c751e8b465ee728b)
Start importing Assets/Resources/Medea.prefab using Guid(23d947594c36a4552a568df18473ac67) Importer(815301076,1909f56bfc062723c751e8b465ee728b)  -> (artifact id: '00c79a6d24ac1ca490c03472882b7e8b') in 0.069332 seconds 
========================================================================
Received Import Request.
  Time since last request: 47.881642 seconds.
  path: Assets/Resources/Medea.prefab
  artifactKey: Guid(23d947594c36a4552a568df18473ac67) Importer(815301076,1909f56bfc062723c751e8b465ee728b)
Start importing Assets/Resources/Medea.prefab using Guid(23d947594c36a4552a568df18473ac67) Importer(815301076,1909f56bfc062723c751e8b465ee728b)  -> (artifact id: '9b1c22f3ad3131127958b0b77891e81c') in 0.057016 seconds 
========================================================================
Received Import Request.
  Time since last request: 129.558952 seconds.
  path: Assets/Resources/Medea.prefab
  artifactKey: Guid(23d947594c36a4552a568df18473ac67) Importer(815301076,1909f56bfc062723c751e8b465ee728b)
Start importing Assets/Resources/Medea.prefab using Guid(23d947594c36a4552a568df18473ac67) Importer(815301076,1909f56bfc062723c751e8b465ee728b)  -> (artifact id: 'b51dded1c84622c5fc0ac2cbcd8fb86a') in 0.080986 seconds 
========================================================================
Received Prepare
Refreshing native plugins compatible for Editor in 6.31 ms, found 2 plugins.
Preloading 0 native plugins for Editor in 0.00 ms.
Unloading 16 Unused Serialized files (Serialized files now loaded: 0)
System memory in use before: 241.5 MB.
System memory in use after: 241.7 MB.

Unloading 16 unused Assets to reduce memory usage. Loaded Objects now: 3959.
Total: 9.647417 ms (FindLiveObjects: 0.225709 ms CreateObjectMapping: 0.084834 ms MarkObjects: 9.266000 ms  DeleteObjects: 0.069792 ms)

AssetImportParameters requested are different than current active one (requested -> active):
  custom:video-decoder-ogg-theora: a1e56fd34408186e4bbccfd4996cb3dc -> 
  custom:container-muxer-webm: aa71ff27fc2769a1b78a27578f13a17b -> 
  custom:container-demuxer-webm: 4f35f7cbe854078d1ac9338744f61a02 -> 
  custom:container-demuxer-ogg: 62fdf1f143b41e24485cea50d1cbac27 -> 
  custom:video-encoder-webm-vp8: eb34c28f22e8b96e1ab97ce403110664 -> 
  custom:framework-osx-AVFoundation: e770b220cccbd017edd2c1fefb359320 -> 
  custom:video-decoder-webm-vp8: 9c59270c3fd7afecdb556c50c9e8de78 -> 
  custom:audio-decoder-ogg-vorbis: bf7c407c2cedff20999df2af8eb42d56 -> 
  custom:audio-encoder-webm-vorbis: bf7c407c2cedff20999df2af8eb42d56 -> 
========================================================================
Received Import Request.
  Time since last request: 247.568173 seconds.
  path: Assets/Resources/Kachujin.prefab
  artifactKey: Guid(c169aa834984c49318452ad28858dbec) Importer(815301076,1909f56bfc062723c751e8b465ee728b)
Start importing Assets/Resources/Kachujin.prefab using Guid(c169aa834984c49318452ad28858dbec) Importer(815301076,1909f56bfc062723c751e8b465ee728b)  -> (artifact id: '6fbf5cbfea7f599a63ec3f77aead3160') in 0.096641 seconds 
========================================================================
Received Prepare
Refreshing native plugins compatible for Editor in 4.81 ms, found 2 plugins.
Preloading 0 native plugins for Editor in 0.00 ms.
Unloading 16 Unused Serialized files (Serialized files now loaded: 0)
System memory in use before: 241.8 MB.
System memory in use after: 242.0 MB.

Unloading 16 unused Assets to reduce memory usage. Loaded Objects now: 3959.
Total: 10.364250 ms (FindLiveObjects: 0.211083 ms CreateObjectMapping: 0.085166 ms MarkObjects: 10.008792 ms  DeleteObjects: 0.058375 ms)

AssetImportParameters requested are different than current active one (requested -> active):
  custom:video-decoder-ogg-theora: a1e56fd34408186e4bbccfd4996cb3dc -> 
  custom:container-muxer-webm: aa71ff27fc2769a1b78a27578f13a17b -> 
  custom:container-demuxer-webm: 4f35f7cbe854078d1ac9338744f61a02 -> 
  custom:container-demuxer-ogg: 62fdf1f143b41e24485cea50d1cbac27 -> 
  custom:video-encoder-webm-vp8: eb34c28f22e8b96e1ab97ce403110664 -> 
  custom:framework-osx-AVFoundation: e770b220cccbd017edd2c1fefb359320 -> 
  custom:video-decoder-webm-vp8: 9c59270c3fd7afecdb556c50c9e8de78 -> 
  custom:audio-decoder-ogg-vorbis: bf7c407c2cedff20999df2af8eb42d56 -> 
  custom:audio-encoder-webm-vorbis: bf7c407c2cedff20999df2af8eb42d56 -> 
========================================================================
Received Prepare
Registering precompiled user dll's ...
Registered in 0.004065 seconds.
Begin MonoManager ReloadAssembly
Symbol file LoadedFromMemory doesn't match image /Users/shiny/Documents/GitHub/unity-ar/unity/Dance/Library/PackageCache/com.unity.visualscripting@1.6.1/Editor/VisualScripting.Core/Dependencies/YamlDotNet/Unity.VisualScripting.YamlDotNet.dll
Symbol file LoadedFromMemory doesn't match image /Users/shiny/Documents/GitHub/unity-ar/unity/Dance/Library/PackageCache/com.unity.visualscripting@1.6.1/Editor/VisualScripting.Core/Dependencies/DotNetZip/Unity.VisualScripting.IonicZip.dll
Native extension for OSXStandalone target not found
Native extension for WebGL target not found
Refreshing native plugins compatible for Editor in 0.61 ms, found 2 plugins.
Preloading 0 native plugins for Editor in 0.00 ms.
Mono: successfully reloaded assembly
- Completed reload, in  3.185 seconds
Domain Reload Profiling:
	ReloadAssembly (3186ms)
		BeginReloadAssembly (344ms)
			ExecutionOrderSort (0ms)
			DisableScriptedObjects (42ms)
			BackupInstance (0ms)
			ReleaseScriptingObjects (0ms)
			CreateAndSetChildDomain (152ms)
		EndReloadAssembly (2727ms)
			LoadAssemblies (298ms)
			RebuildTransferFunctionScriptingTraits (0ms)
			SetupTypeCache (461ms)
			ReleaseScriptCaches (1ms)
			RebuildScriptCaches (57ms)
			SetupLoadedEditorAssemblies (1535ms)
				LogAssemblyErrors (0ms)
				InitializePlatformSupportModulesInManaged (16ms)
				SetLoadedEditorAssemblies (2ms)
				RefreshPlugins (1ms)
				BeforeProcessingInitializeOnLoad (135ms)
				ProcessInitializeOnLoadAttributes (1362ms)
				ProcessInitializeOnLoadMethodAttributes (18ms)
				AfterProcessingInitializeOnLoad (1ms)
				EditorAssembliesLoaded (0ms)
			ExecutionOrderSort2 (0ms)
			AwakeInstancesAfterBackupRestoration (70ms)
Platform modules already initialized, skipping
Switching build target platform(2) subTarget(0) extendedPlatform(0) -> platform(9) subTarget(16777218) extendedPlatform(0)
Refreshing native plugins compatible for Editor in 1.04 ms, found 2 plugins.
Preloading 0 native plugins for Editor in 0.00 ms.
Unloading 3314 Unused Serialized files (Serialized files now loaded: 0)
System memory in use before: 306.6 MB.
System memory in use after: 306.8 MB.

Unloading 19 unused Assets to reduce memory usage. Loaded Objects now: 4005.
Total: 3.639125 ms (FindLiveObjects: 0.315334 ms CreateObjectMapping: 0.086458 ms MarkObjects: 3.153541 ms  DeleteObjects: 0.082291 ms)

AssetImportParameters requested are different than current active one (requested -> active):
  custom:video-decoder-ogg-theora: a1e56fd34408186e4bbccfd4996cb3dc -> 
  custom:container-muxer-webm: aa71ff27fc2769a1b78a27578f13a17b -> 
  custom:container-demuxer-webm: 4f35f7cbe854078d1ac9338744f61a02 -> 
  custom:container-demuxer-ogg: 62fdf1f143b41e24485cea50d1cbac27 -> 
  custom:video-encoder-webm-vp8: eb34c28f22e8b96e1ab97ce403110664 -> 
  custom:framework-osx-AVFoundation: e770b220cccbd017edd2c1fefb359320 -> 
  custom:video-decoder-webm-vp8: 9c59270c3fd7afecdb556c50c9e8de78 -> 
  custom:graphics/normal-map-encoding: 01000000000000000000000000000000 -> 02000000000000000000000000000000
  custom:audio-decoder-ogg-vorbis: bf7c407c2cedff20999df2af8eb42d56 -> 
  custom:audio-encoder-webm-vorbis: bf7c407c2cedff20999df2af8eb42d56 -> 
========================================================================
Received Prepare
Refreshing native plugins compatible for Editor in 4.58 ms, found 2 plugins.
Preloading 0 native plugins for Editor in 0.00 ms.
Unloading 16 Unused Serialized files (Serialized files now loaded: 0)
System memory in use before: 241.7 MB.
System memory in use after: 241.9 MB.

Unloading 16 unused Assets to reduce memory usage. Loaded Objects now: 4005.
Total: 2.873000 ms (FindLiveObjects: 0.195333 ms CreateObjectMapping: 0.082958 ms MarkObjects: 2.544458 ms  DeleteObjects: 0.049500 ms)

AssetImportParameters requested are different than current active one (requested -> active):
  custom:video-decoder-ogg-theora: a1e56fd34408186e4bbccfd4996cb3dc -> 
  custom:container-muxer-webm: aa71ff27fc2769a1b78a27578f13a17b -> 
  custom:container-demuxer-webm: 4f35f7cbe854078d1ac9338744f61a02 -> 
  custom:container-demuxer-ogg: 62fdf1f143b41e24485cea50d1cbac27 -> 
  custom:video-encoder-webm-vp8: eb34c28f22e8b96e1ab97ce403110664 -> 
  custom:framework-osx-AVFoundation: e770b220cccbd017edd2c1fefb359320 -> 
  custom:video-decoder-webm-vp8: 9c59270c3fd7afecdb556c50c9e8de78 -> 
  custom:audio-decoder-ogg-vorbis: bf7c407c2cedff20999df2af8eb42d56 -> 
  custom:audio-encoder-webm-vorbis: bf7c407c2cedff20999df2af8eb42d56 -> 
========================================================================
Received Import Request.
  Time since last request: 381.616633 seconds.
  path: Assets/Resources/Medea.prefab
  artifactKey: Guid(23d947594c36a4552a568df18473ac67) Importer(815301076,1909f56bfc062723c751e8b465ee728b)
Start importing Assets/Resources/Medea.prefab using Guid(23d947594c36a4552a568df18473ac67) Importer(815301076,1909f56bfc062723c751e8b465ee728b)  -> (artifact id: '0aab769d4ed7b50715ec60524f1715a3') in 0.228263 seconds 
========================================================================
Received Prepare
Refreshing native plugins compatible for Editor in 4.13 ms, found 2 plugins.
Preloading 0 native plugins for Editor in 0.00 ms.
Unloading 16 Unused Serialized files (Serialized files now loaded: 0)
System memory in use before: 242.8 MB.
System memory in use after: 243.0 MB.

Unloading 16 unused Assets to reduce memory usage. Loaded Objects now: 4006.
Total: 7.056709 ms (FindLiveObjects: 0.244250 ms CreateObjectMapping: 0.088167 ms MarkObjects: 6.669042 ms  DeleteObjects: 0.053542 ms)

AssetImportParameters requested are different than current active one (requested -> active):
  custom:video-decoder-ogg-theora: a1e56fd34408186e4bbccfd4996cb3dc -> 
  custom:container-muxer-webm: aa71ff27fc2769a1b78a27578f13a17b -> 
  custom:container-demuxer-webm: 4f35f7cbe854078d1ac9338744f61a02 -> 
  custom:container-demuxer-ogg: 62fdf1f143b41e24485cea50d1cbac27 -> 
  custom:video-encoder-webm-vp8: eb34c28f22e8b96e1ab97ce403110664 -> 
  custom:framework-osx-AVFoundation: e770b220cccbd017edd2c1fefb359320 -> 
  custom:video-decoder-webm-vp8: 9c59270c3fd7afecdb556c50c9e8de78 -> 
  custom:audio-decoder-ogg-vorbis: bf7c407c2cedff20999df2af8eb42d56 -> 
  custom:audio-encoder-webm-vorbis: bf7c407c2cedff20999df2af8eb42d56 -> 
